This is pdfTeX, Version 3.14159265-2.6-1.40.15 (MiKTeX 2.9) (preloaded format=pdflatex 2015.2.11)  12 FEB 2015 09:22
entering extended mode
**forside.tex
(forside.tex
LaTeX2e <2014/05/01>
Babel <3.9l> and hyphenation patterns for 68 languages loaded.

! LaTeX Error: Environment titlingpage undefined.

See the LaTeX manual or LaTeX Companion for explanation.
Type  H <return>  for immediate help.
 ...                                              
                                                  
l.1 \begin{titlingpage}
                       
Your command was ignored.
Type  I <command> <return>  to replace it with another command,
or  <return>  to continue without it.


! LaTeX Error: Missing \begin{document}.

See the LaTeX manual or LaTeX Companion for explanation.
Type  H <return>  for immediate help.
 ...                                              
                                                  
l.4 \vspace*{\stretch{1}} \HRule
                                \\[1cm]\Huge\bfseries
You're in trouble here.  Try typing  <return>  to proceed.
If that doesn't work, type  X <return>  to quit.


Overfull \hbox (8191.99998pt too wide) in paragraph at lines 4--4
 [][] 
 []

! Undefined control sequence.
l.4 \vspace*{\stretch{1}} \HRule\\[1cm]\Huge
                                            \bfseries
The control sequence at the end of the top line
of your error message was never \def'ed. If you have
misspelled it (e.g., `\hobx'), type `I' and the correct
spelling (e.g., `I\hbox'). Otherwise just continue,
and I'll forget about whatever was undefined.


! LaTeX Error: Missing \begin{document}.

See the LaTeX manual or LaTeX Companion for explanation.
Type  H <return>  for immediate help.
 ...                                              
                                                  
l.5 S
     kabelon\\[0.7cm]
You're in trouble here.  Try typing  <return>  to proceed.
If that doesn't work, type  X <return>  to quit.


Overfull \hbox (44.72197pt too wide) in paragraph at lines 5--5
 []\OT1/cmr/bx/n/10 Skabelon 
 []

! Undefined control sequence.
l.6 \large
           til LaTEX\\[1cm]
The control sequence at the end of the top line
of your error message was never \def'ed. If you have
misspelled it (e.g., `\hobx'), type `I' and the correct
spelling (e.g., `I\hbox'). Otherwise just continue,
and I'll forget about whatever was undefined.


! LaTeX Error: Missing \begin{document}.

See the LaTeX manual or LaTeX Companion for explanation.
Type  H <return>  for immediate help.
 ...                                              
                                                  
l.6 \large t
            il LaTEX\\[1cm]
You're in trouble here.  Try typing  <return>  to proceed.
If that doesn't work, type  X <return>  to quit.


Overfull \hbox (10.86105pt too wide) in paragraph at lines 6--6
 []\OT1/cmr/bx/n/10 til 
 []


Overfull \hbox (16.34016pt too wide) in paragraph at lines 6--6
 \OT1/cmr/bx/n/10 La- 
 []


Overfull \hbox (24.24986pt too wide) in paragraph at lines 6--6
 \OT1/cmr/bx/n/10 TEX 
 []


! LaTeX Error: Missing \begin{document}.

See the LaTeX manual or LaTeX Companion for explanation.
Type  H <return>  for immediate help.
 ...                                              
                                                  
l.7 \HRule
          \\[4cm]  \large af Ida Mark Skovbjerg, \\Studienummer: 201404669\\
You're in trouble here.  Try typing  <return>  to proceed.
If that doesn't work, type  X <return>  to quit.


Overfull \hbox (8191.99998pt too wide) in paragraph at lines 7--7
 [][] 
 []

! Undefined control sequence.
l.7 \HRule\\[4cm]  \large
                          af Ida Mark Skovbjerg, \\Studienummer: 201404669\\
The control sequence at the end of the top line
of your error message was never \def'ed. If you have
misspelled it (e.g., `\hobx'), type `I' and the correct
spelling (e.g., `I\hbox'). Otherwise just continue,
and I'll forget about whatever was undefined.


! LaTeX Error: Missing \begin{document}.

See the LaTeX manual or LaTeX Companion for explanation.
Type  H <return>  for immediate help.
 ...                                              
                                                  
l.7 \HRule\\[4cm]  \large a
                           f Ida Mark Skovbjerg, \\Studienummer: 201404669\\
You're in trouble here.  Try typing  <return>  to proceed.
If that doesn't work, type  X <return>  to quit.


Overfull \hbox (9.1041pt too wide) in paragraph at lines 7--7
 []\OT1/cmr/bx/n/10 af 
 []


Overfull \hbox (16.34016pt too wide) in paragraph at lines 7--7
 \OT1/cmr/bx/n/10 Ida 
 []


Overfull \hbox (27.31235pt too wide) in paragraph at lines 7--7
 \OT1/cmr/bx/n/10 Mark 
 []


Overfull \hbox (33.86093pt too wide) in paragraph at lines 7--7
 \OT1/cmr/bx/n/10 Skovb- 
 []


Overfull \hbox (22.46518pt too wide) in paragraph at lines 7--7
 \OT1/cmr/bx/n/10 jerg, 
 []


! LaTeX Error: Missing \begin{document}.

See the LaTeX manual or LaTeX Companion for explanation.
Type  H <return>  for immediate help.
 ...                                              
                                                  
l.7 ...e\\[4cm]  \large af Ida Mark Skovbjerg, \\S
                                                  tudienummer: 201404669\\
You're in trouble here.  Try typing  <return>  to proceed.
If that doesn't work, type  X <return>  to quit.


Overfull \hbox (76.93018pt too wide) in paragraph at lines 7--7
 []\OT1/cmr/bx/n/10 Studienummer: 
 []


Overfull \hbox (51.74973pt too wide) in paragraph at lines 7--7
 \OT1/cmr/bx/n/10 201404669 
 []


! LaTeX Error: The font size command \normalsize is not defined:
               there is probably something wrong with the class file.

See the LaTeX manual or LaTeX Companion for explanation.
Type  H <return>  for immediate help.
 ...                                              
                                                  
l.8 \vspace*{\stretch{2}} \normalsize
                                      %
Your command was ignored.
Type  I <command> <return>  to replace it with another command,
or  <return>  to continue without it.


! LaTeX Error: Missing \begin{document}.

See the LaTeX manual or LaTeX Companion for explanation.
Type  H <return>  for immediate help.
 ...                                              
                                                  
l.9 \begin{flushleft}
                     
You're in trouble here.  Try typing  <return>  to proceed.
If that doesn't work, type  X <return>  to quit.


Overfull \hbox (36.01506pt too wide) in paragraph at lines 10--10
\OT1/cmr/bx/n/10 Aarhus 
 []


Overfull \hbox (13.4166pt too wide) in paragraph at lines 10--10
\OT1/cmr/bx/n/10 in- 
 []


Overfull \hbox (14.8541pt too wide) in paragraph at lines 10--10
\OT1/cmr/bx/n/10 ge- 
 []


Overfull \hbox (20.06935pt too wide) in paragraph at lines 10--10
\OT1/cmr/bx/n/10 nior 
 []


Overfull \hbox (15.97214pt too wide) in paragraph at lines 10--10
\OT1/cmr/bx/n/10 ho- 
 []


Overfull \hbox (28.01512pt too wide) in paragraph at lines 10--10
\OT1/cmr/bx/n/10 jskole  
 []


Overfull \hbox (22.05544pt too wide) in paragraph at lines 11--11
[]\OT1/cmr/bx/n/10 IHA  
 []


Overfull \hbox (35.5998pt too wide) in paragraph at lines 12--12
[]\OT1/cmr/bx/n/10 Kursus 
 []


Overfull \hbox (3.19443pt too wide) in paragraph at lines 12--12
\OT1/cmr/bx/n/10 i 
 []


Overfull \hbox (16.34016pt too wide) in paragraph at lines 12--12
\OT1/cmr/bx/n/10 La- 
 []


Overfull \hbox (24.24986pt too wide) in paragraph at lines 12--12
\OT1/cmr/bx/n/10 TEX  
 []


Overfull \hbox (44.57619pt too wide) in paragraph at lines 13--13
[]\OT1/cmr/bx/n/10 Vejleder: 
 []


Overfull \hbox (25.65263pt too wide) in paragraph at lines 13--13
\OT1/cmr/bx/n/10 Gun- 
 []


Overfull \hbox (16.23604pt too wide) in paragraph at lines 13--13
\OT1/cmr/bx/n/10 vor  
 []

! Undefined control sequence.
<recently read> \today 
                       
l.14 \today
            \end{flushleft}
The control sequence at the end of the top line
of your error message was never \def'ed. If you have
misspelled it (e.g., `\hobx'), type `I' and the correct
spelling (e.g., `I\hbox'). Otherwise just continue,
and I'll forget about whatever was undefined.


! LaTeX Error: \begin{document} ended by \end{titlingpage}.

See the LaTeX manual or LaTeX Companion for explanation.
Type  H <return>  for immediate help.
 ...                                              
                                                  
l.15 \end{titlingpage}
                      
Your command was ignored.
Type  I <command> <return>  to replace it with another command,
or  <return>  to continue without it.

)
! Emergency stop.
<*> forside.tex
               
*** (job aborted, no legal \end found)

 
Here is how much of TeX's memory you used:
 12 strings out of 493698
 142 string characters out of 3144386
 53149 words of memory out of 3000000
 3437 multiletter control sequences out of 15000+200000
 3948 words of font info for 15 fonts, out of 3000000 for 9000
 1025 hyphenation exceptions out of 8191
 12i,1n,9p,87b,120s stack positions out of 5000i,500n,10000p,200000b,50000s
!  ==> Fatal error occurred, no output PDF file produced!
