\BOOKMARK [0][-]{section*.1}{Indhold}{}% 1
\BOOKMARK [0][-]{chapter.1}{Indledning}{}% 2
\BOOKMARK [0][-]{chapter.2}{Projektformulering og afgr\346nsning}{}% 3
\BOOKMARK [1][-]{section.2.1}{Oversigt over projektdeltagere og hovedansvarsomr\345der}{chapter.2}% 4
\BOOKMARK [0][-]{chapter.3}{Hjertet}{}% 5
\BOOKMARK [1][-]{section.3.1}{Blodtryk}{chapter.3}% 6
\BOOKMARK [1][-]{section.3.2}{Direkte invasiv m\345ling af blodtryk}{chapter.3}% 7
\BOOKMARK [0][-]{chapter.4}{Systembeskrivelse}{}% 8
\BOOKMARK [0][-]{chapter.5}{Krav}{}% 9
\BOOKMARK [1][-]{section.5.1}{Akt\370rbeskrivelse}{chapter.5}% 10
\BOOKMARK [1][-]{section.5.2}{Use case beskrivelse}{chapter.5}% 11
\BOOKMARK [1][-]{section.5.3}{Ikke-funktionelle krav}{chapter.5}% 12
\BOOKMARK [0][-]{chapter.6}{Projektbeskrivelse}{}% 13
\BOOKMARK [1][-]{section.6.1}{Projektgennemf\370relse}{chapter.6}% 14
\BOOKMARK [1][-]{section.6.2}{Metode}{chapter.6}% 15
\BOOKMARK [1][-]{section.6.3}{Arkitektur}{chapter.6}% 16
\BOOKMARK [1][-]{section.6.4}{Design, implementering og test}{chapter.6}% 17
\BOOKMARK [1][-]{section.6.5}{Resultater og diskussion}{chapter.6}% 18
\BOOKMARK [1][-]{section.6.6}{Udviklingsv\346rkt\370jer}{chapter.6}% 19
\BOOKMARK [1][-]{section.6.7}{Opn\345ede erfaringer}{chapter.6}% 20
\BOOKMARK [1][-]{section.6.8}{Fremtidigt arbejde}{chapter.6}% 21
\BOOKMARK [0][-]{chapter.7}{Konklusion}{}% 22
\BOOKMARK [0][-]{section*.60}{Litteratur}{}% 23
\BOOKMARK [1][-]{section.7.1}{Referencer}{section*.60}% 24
