This is pdfTeX, Version 3.14159265-2.6-1.40.15 (MiKTeX 2.9) (preloaded format=pdflatex 2015.4.2)  15 DEC 2015 21:38
entering extended mode
**skabelon.tex
(skabelon.tex
LaTeX2e <2014/05/01>
Babel <3.9l> and hyphenation patterns for 68 languages loaded.
("C:\Program Files (x86)\MiKTeX 2.9\tex\latex\memoir\memoir.cls"
Document Class: memoir 2015/03/05 v3.7c configurable book, report, article docu
ment class
\onelineskip=\skip41
\lxvchars=\skip42
\xlvchars=\skip43
\@memcnta=\count79
\c@@memmarkcntra=\count80
\l@nohyphenation=\language69
("C:\Program Files (x86)\MiKTeX 2.9\tex\generic\oberdiek\ifpdf.sty"
Package: ifpdf 2011/01/30 v2.3 Provides the ifpdf switch (HO)
Package ifpdf Info: pdfTeX in PDF mode is detected.
)
("C:\Program Files (x86)\MiKTeX 2.9\tex\latex\ifetex\ifetex.sty"
Package: ifetex 2011/12/15 v1.2 ifetex

("C:\Program Files (x86)\MiKTeX 2.9\tex\plain\ifetex\ifetex.tex"))
("C:\Program Files (x86)\MiKTeX 2.9\tex\generic\ifxetex\ifxetex.sty"
Package: ifxetex 2010/09/12 v0.6 Provides ifxetex conditional
)
("C:\Program Files (x86)\MiKTeX 2.9\tex\generic\oberdiek\ifluatex.sty"
Package: ifluatex 2010/03/01 v1.3 Provides the ifluatex switch (HO)
Package ifluatex Info: LuaTeX not detected.
)
\stockheight=\skip44
\stockwidth=\skip45
\trimtop=\skip46
\trimedge=\skip47

("C:\Program Files (x86)\MiKTeX 2.9\tex\latex\misc\etex.sty"
Package: etex 2015/03/02 v2.1 eTeX basic definition package (PEB,DPC)
\et@xins=\count81
)
("C:\Program Files (x86)\MiKTeX 2.9\tex\latex\memoir\mem11.clo"
File: mem11.clo 2008/01/30 v0.3 memoir class 11pt size option
)
\binding=\skip48
\spinemargin=\skip49
\foremargin=\skip50
\uppermargin=\skip51
\lowermargin=\skip52
\headdrop=\skip53
\normalrulethickness=\skip54
\mem@maxheadheight=\skip55
\mem@maxfootheight=\skip56
\headwidth=\skip57
\c@storedpagenumber=\count82
\memPD=\dimen102
\m@mabparskip=\skip58
\thanksmarkwidth=\skip59
\thanksmarksep=\skip60
\droptitle=\skip61
\c@book=\count83
\c@part=\count84
\c@chapter=\count85
\c@section=\count86
\c@subsection=\count87
\c@subsubsection=\count88
\c@paragraph=\count89
\c@subparagraph=\count90
\beforechapskip=\skip62
\midchapskip=\skip63
\afterchapskip=\skip64
\chapindent=\skip65
\bottomsectionskip=\skip66
\secindent=\skip67
\beforesecskip=\skip68
\aftersecskip=\skip69
\subsecindent=\skip70
\beforesubsecskip=\skip71
\aftersubsecskip=\skip72
\subsubsecindent=\skip73
\beforesubsubsecskip=\skip74
\aftersubsubsecskip=\skip75
\paraindent=\skip76
\beforeparaskip=\skip77
\afterparaskip=\skip78
\subparaindent=\skip79
\beforesubparaskip=\skip80
\aftersubparaskip=\skip81
\pfbreakskip=\skip82
\c@@ppsavesec=\count91
\c@@ppsaveapp=\count92
\ragrparindent=\dimen103
\everylistparindent=\dimen104
\parsepi=\skip83
\topsepi=\skip84
\itemsepi=\skip85
\parsepii=\skip86
\topsepii=\skip87
\topsepiii=\skip88
\itemsepii=\skip89
\itemsepiii=\skip90
\partopsepii=\skip91
\partopsepiii=\skip92
\m@msavetopsep=\skip93
\m@msavepartopsep=\skip94
\@enLab=\toks14
\abstitleskip=\skip95
\absleftindent=\skip96
\abs@leftindent=\dimen105
\absrightindent=\skip97
\absparindent=\skip98
\absparsep=\skip99
\c@vslineno=\count93
\c@poemline=\count94
\c@modulo@vs=\count95
\c@memfvsline=\count96
\vleftskip=\skip100
\vrightskip=\skip101
\stanzaskip=\skip102
\versewidth=\skip103
\vgap=\skip104
\vindent=\skip105
\vleftmargin=\dimen106
\c@verse=\count97
\c@chrsinstr=\count98
\beforepoemtitleskip=\skip106
\afterpoemtitleskip=\skip107
\c@poem=\count99
\beforePoemTitleskip=\skip108
\midPoemTitleskip=\skip109
\afterPoemTitleskip=\skip110
\col@sep=\dimen107
\extrarowheight=\dimen108
\NC@list=\toks15
\extratabsurround=\skip111
\backup@length=\skip112
\TX@col@width=\dimen109
\TX@old@table=\dimen110
\TX@old@col=\dimen111
\TX@target=\dimen112
\TX@delta=\dimen113
\TX@cols=\count100
\TX@ftn=\toks16
\heavyrulewidth=\dimen114
\lightrulewidth=\dimen115
\cmidrulewidth=\dimen116
\belowrulesep=\dimen117
\belowbottomsep=\dimen118
\aboverulesep=\dimen119
\abovetopsep=\dimen120
\cmidrulesep=\dimen121
\cmidrulekern=\dimen122
\defaultaddspace=\dimen123
\@cmidla=\count101
\@cmidlb=\count102
\@aboverulesep=\dimen124
\@belowrulesep=\dimen125
\@thisruleclass=\count103
\@lastruleclass=\count104
\@thisrulewidth=\dimen126
\ctableftskip=\skip113
\ctabrightskip=\skip114
\abovecolumnspenalty=\count105
\@linestogo=\count106
\@cellstogo=\count107
\@cellsincolumn=\count108
\crtok=\toks17
\@mincolumnwidth=\dimen127
\c@newflo@tctr=\count109
\mem@margin@floatbox=\box26
\@contcwidth=\skip115
\@contindw=\skip116
\abovecaptionskip=\skip117
\belowcaptionskip=\skip118
\subfloattopskip=\skip119
\subfloatcapskip=\skip120
\subfloatcaptopadj=\skip121
\subfloatbottomskip=\skip122
\subfloatlabelskip=\skip123
\subfloatcapmargin=\dimen128
\c@@contsubnum=\count110
\m@mscap@capbox=\box27
\m@mscap@fbox=\box28
\sidecapsep=\dimen129
\sidecapwidth=\dimen130
\m@m@tempdima=\dimen131
\m@mscapraise=\dimen132
\sidecapraise=\dimen133
\m@mscapmainwidth=\dimen134
\m@mscaplkern=\dimen135
\beforeepigraphskip=\skip124
\afterepigraphskip=\skip125
\epigraphwidth=\skip126
\epigraphrule=\skip127
LaTeX Info: Redefining \em on input line 7514.
LaTeX Info: Redefining \emph on input line 7522.
\tocentryskip=\skip128
\tocbaseline=\skip129
\cftparskip=\skip130
\cftbeforebookskip=\skip131
\cftbookindent=\dimen136
\cftbooknumwidth=\dimen137
\cftbeforepartskip=\skip132
\cftpartindent=\skip133
\cftpartnumwidth=\skip134
\cftbeforechapterskip=\skip135
\cftchapterindent=\skip136
\cftchapternumwidth=\skip137
\cftbeforesectionskip=\skip138
\cftsectionindent=\skip139
\cftsectionnumwidth=\skip140
\cftbeforesubsectionskip=\skip141
\cftsubsectionindent=\skip142
\cftsubsectionnumwidth=\skip143
\cftbeforesubsubsectionskip=\skip144
\cftsubsubsectionindent=\skip145
\cftsubsubsectionnumwidth=\skip146
\cftbeforeparagraphskip=\skip147
\cftparagraphindent=\skip148
\cftparagraphnumwidth=\skip149
\cftbeforesubparagraphskip=\skip150
\cftsubparagraphindent=\skip151
\cftsubparagraphnumwidth=\skip152
\prechapterprecisshift=\dimen138
\c@maxsecnumdepth=\count111
\bibindent=\dimen139
\bibitemsep=\skip153
\indexcolsep=\skip154
\indexrule=\skip155
\indexmarkstyle=\toks18
\@indexbox=\insert233
\glossarycolsep=\dimen140
\glossaryrule=\dimen141
\sideparvshift=\skip156
\sideins=\insert232
\sidebartopsep=\skip157
\sidebarhsep=\skip158
\sidebarvsep=\skip159
\sidebarwidth=\skip160
\footmarkwidth=\skip161
\footmarksep=\skip162
\footparindent=\skip163
\footinsdim=\skip164
\footinsv@r=\insert231
\@mpfootinsv@r=\insert230
\m@m@k=\count112
\m@m@h=\dimen142
\m@mipn@skip=\skip165
\sidefootins=\insert229
\sidefootadjust=\skip166
\sidefootheight=\skip167
\sidefoothsep=\skip168
\sidefootvsep=\skip169
\sidefootwidth=\skip170
\m@mdownsf=\skip171
\c@sidefootnote=\count113
\sidefootmarkwidth=\skip172
\sidefootmarksep=\skip173
\sidefootparindent=\skip174
\c@pagenote=\count114
\c@pagenoteshadow=\count115
\mem@pn@lastkern=\skip175
\every@verbatim=\toks19
\afterevery@verbatim=\toks20
\verbatim@line=\toks21
\tab@position=\count116
\verbatim@in@stream=\read1
\verbatimindent=\skip176
\verbatim@out=\write3
\bvboxsep=\skip177
\c@memfbvline=\count117
\c@bvlinectr=\count118
\bvnumlength=\skip178
\fb@frw=\dimen143
\fb@frh=\dimen144
\FrameRule=\dimen145
\FrameSep=\dimen146
\c@cp@cntr=\count119
LaTeX Info: Redefining \: on input line 11980.
LaTeX Info: Redefining \! on input line 11982.
\c@ism@mctr=\count120
\c@xsm@mctr=\count121
\c@csm@mctr=\count122
\c@ksm@mctr=\count123
\c@xksm@mctr=\count124
\c@cksm@mctr=\count125
\c@msm@mctr=\count126
\c@xmsm@mctr=\count127
\c@cmsm@mctr=\count128
\c@bsm@mctr=\count129
\c@workm@mctr=\count130
\c@sheetsequence=\count131
\c@lastsheet=\count132
\c@lastpage=\count133
\c@figure=\count134
\c@lofdepth=\count135
\cftbeforefigureskip=\skip179
\cftfigureindent=\skip180
\cftfigurenumwidth=\skip181
\c@table=\count136
\c@lotdepth=\count137
\cftbeforetableskip=\skip182
\cfttableindent=\skip183
\cfttablenumwidth=\skip184
Package abstract [2008/07/23] emulated by memoir.
Package appendix [2008/07/23] emulated by memoir.
Package array [2008/09/09] emulated by memoir.
Package booktabs [2008/07/23] emulated by memoir.
Package ccaption [2008/07/23] emulated by memoir.
Package changepage [2008/07/23] emulated by memoir.
Package chngcntr [2008/07/23] emulated by memoir.
Package chngpage [2008/07/23] emulated by memoir.
Package crop emulated by memoir.
Package dcolumn [2008/07/23] emulated by memoir.
Package delarray [2008/07/23] emulated by memoir.
Package enumerate [2008/07/23] emulated by memoir.
Package epigraph [2008/07/23] emulated by memoir.
Package ifmtarg [2008/07/23] emulated by memoir.
Package index [2008/07/23] emulated by memoir.
Package makeidx [2008/07/23] emulated by memoir.
Package moreverb [2008/07/23] emulated by memoir.
Package mparhack [2008/07/23] emulated by memoir.
Package needspace [2008/07/23] emulated by memoir.
Package newfile [2008/07/23] emulated by memoir.
Package nextpage [2008/07/23] emulated by memoir.
Package pagenote [2008/07/23] emulated by memoir.
Package parskip [2008/07/23] emulated by memoir.
Package patchcmd [2008/07/23] emulated by memoir.
Package setspace [2008/07/23] emulated by memoir.
Package shortvrb [2008/07/23] emulated by memoir.
Package showidx [2008/07/23] emulated by memoir.
Package tabularx [2008/07/23] emulated by memoir.
Package titleref [2008/07/23] emulated by memoir.
Package titling [2008/07/23] emulated by memoir.
Package tocbibind [2008/07/23] emulated by memoir.
Package tocloft [2008/07/23] emulated by memoir.
Package tocvsec2 [2008/07/23] emulated by memoir.
Package verbatim [2008/07/23] emulated by memoir.
Package verse [2008/07/23] emulated by memoir.

("C:\Program Files (x86)\MiKTeX 2.9\tex\latex\memoir\mempatch.sty"
Package: mempatch 2009/07/24 v6.0f Patches for memoir class v1.6180339
))
("C:\Program Files (x86)\MiKTeX 2.9\tex\latex\titlesec\titlesec.sty"
Package: titlesec 2011/12/15 v2.10.0 Sectioning titles
\ttl@box=\box29
\beforetitleunit=\skip185
\aftertitleunit=\skip186
\ttl@plus=\dimen147
\ttl@minus=\dimen148
\ttl@toksa=\toks22
\titlewidth=\dimen149
\titlewidthlast=\dimen150
\titlewidthfirst=\dimen151
)
("C:\Program Files (x86)\MiKTeX 2.9\tex\latex\amsfonts\amsfonts.sty"
Package: amsfonts 2013/01/14 v3.01 Basic AMSFonts support
\@emptytoks=\toks23
\symAMSa=\mathgroup4
\symAMSb=\mathgroup5
LaTeX Font Info:    Overwriting math alphabet `\mathfrak' in version `bold'
(Font)                  U/euf/m/n --> U/euf/b/n on input line 106.
)
("C:\Program Files (x86)\MiKTeX 2.9\tex\latex\adjustbox\adjustbox.sty"
Package: adjustbox 2012/05/21 v1.0 Adjusting TeX boxes (trim, clip, ...)

("C:\Program Files (x86)\MiKTeX 2.9\tex\latex\xkeyval\xkeyval.sty"
Package: xkeyval 2014/12/03 v2.7a package option processing (HA)

("C:\Program Files (x86)\MiKTeX 2.9\tex\generic\xkeyval\xkeyval.tex"
("C:\Program Files (x86)\MiKTeX 2.9\tex\generic\xkeyval\xkvutils.tex"
\XKV@toks=\toks24
\XKV@tempa@toks=\toks25

("C:\Program Files (x86)\MiKTeX 2.9\tex\generic\xkeyval\keyval.tex"))
\XKV@depth=\count138
File: xkeyval.tex 2014/12/03 v2.7a key=value parser (HA)
))
("C:\Program Files (x86)\MiKTeX 2.9\tex\latex\adjustbox\adjcalc.sty"
Package: adjcalc 2012/05/16 v1.1 Provides advanced setlength with multiple back
-ends (calc, etex, pgfmath)
)
("C:\Program Files (x86)\MiKTeX 2.9\tex\latex\adjustbox\trimclip.sty"
Package: trimclip 2012/05/16 v1.0 Trim and clip general TeX material

("C:\Program Files (x86)\MiKTeX 2.9\tex\latex\graphics\graphicx.sty"
Package: graphicx 2014/10/28 v1.0g Enhanced LaTeX Graphics (DPC,SPQR)

("C:\Program Files (x86)\MiKTeX 2.9\tex\latex\graphics\graphics.sty"
Package: graphics 2014/10/28 v1.0p Standard LaTeX Graphics (DPC,SPQR)

("C:\Program Files (x86)\MiKTeX 2.9\tex\latex\graphics\trig.sty"
Package: trig 1999/03/16 v1.09 sin cos tan (DPC)
)
("C:\Program Files (x86)\MiKTeX 2.9\tex\latex\00miktex\graphics.cfg"
File: graphics.cfg 2007/01/18 v1.5 graphics configuration of teTeX/TeXLive
)
Package graphics Info: Driver file: pdftex.def on input line 91.

("C:\Program Files (x86)\MiKTeX 2.9\tex\latex\pdftex-def\pdftex.def"
File: pdftex.def 2011/05/27 v0.06d Graphics/color for pdfTeX

("C:\Program Files (x86)\MiKTeX 2.9\tex\generic\oberdiek\infwarerr.sty"
Package: infwarerr 2010/04/08 v1.3 Providing info/warning/error messages (HO)
)
("C:\Program Files (x86)\MiKTeX 2.9\tex\generic\oberdiek\ltxcmds.sty"
Package: ltxcmds 2011/11/09 v1.22 LaTeX kernel commands for general use (HO)
)
\Gread@gobject=\count139
))
\Gin@req@height=\dimen152
\Gin@req@width=\dimen153
)
("C:\Program Files (x86)\MiKTeX 2.9\tex\latex\collectbox\collectbox.sty"
Package: collectbox 2012/05/17 v0.4b Collect macro arguments as boxes
\collectedbox=\box30
)
\tc@llx=\dimen154
\tc@lly=\dimen155
\tc@urx=\dimen156
\tc@ury=\dimen157
Package trimclip Info: Using driver 'tc-pdftex.def'.

("C:\Program Files (x86)\MiKTeX 2.9\tex\latex\adjustbox\tc-pdftex.def"
File: tc-pdftex.def 2012/05/13 v1.0 Clipping driver for pdftex
))
\adjbox@Width=\dimen158
\adjbox@Height=\dimen159
\adjbox@Depth=\dimen160
\adjbox@Totalheight=\dimen161

("C:\Program Files (x86)\MiKTeX 2.9\tex\latex\ifoddpage\ifoddpage.sty"
Package: ifoddpage 2011/09/13 v1.0 Conditionals for odd/even page detection
\c@checkoddpage=\count140
LaTeX Info: Redefining \checkoddpage on input line 25.
)
("C:\Program Files (x86)\MiKTeX 2.9\tex\latex\ltxmisc\varwidth.sty"
Package: varwidth 2009/03/30 ver 0.92;  Variable-width minipages
\@vwid@box=\box31
\sift@deathcycles=\count141
\@vwid@loff=\dimen162
\@vwid@roff=\dimen163
))
("C:\Program Files (x86)\MiKTeX 2.9\tex\latex\url\url.sty"
\Urlmuskip=\muskip10
Package: url 2013/09/16  ver 3.4  Verb mode for urls, etc.
)
("C:\Program Files (x86)\MiKTeX 2.9\tex\latex\float\float.sty"
Package: float 2001/11/08 v1.3d Float enhancements (AL)
\c@float@type=\count142
\float@exts=\toks26
\float@box=\box32
\@float@everytoks=\toks27
\@floatcapt=\box33
)
("C:\Program Files (x86)\MiKTeX 2.9\tex\latex\babel\babel.sty"
Package: babel 2014/09/25 3.9l The Babel package

*************************************
* Local config file bblopts.cfg used
*
("C:\Program Files (x86)\MiKTeX 2.9\tex\latex\00miktex\bblopts.cfg"
File: bblopts.cfg 2006/07/31 v1.0 MiKTeX 'babel' configuration
)
("C:\Program Files (x86)\MiKTeX 2.9\tex\latex\babel-danish\danish.ldf"
Language: danish 2009/09/19 v1.3r Danish support from the babel system

("C:\Program Files (x86)\MiKTeX 2.9\tex\latex\babel\babel.def"
File: babel.def 2014/09/25 3.9l Babel common definitions
\babel@savecnt=\count143
\U@D=\dimen164
)
Package babel Info: Making " an active character on input line 82.
))
("C:\Program Files (x86)\MiKTeX 2.9\tex\latex\base\inputenc.sty"
Package: inputenc 2014/04/30 v1.2b Input encoding file
\inpenc@prehook=\toks28
\inpenc@posthook=\toks29

("C:\Program Files (x86)\MiKTeX 2.9\tex\latex\base\utf8.def"
File: utf8.def 2014/09/29 v1.1m UTF-8 support for inputenc
Now handling font encoding OML ...
... no UTF-8 mapping file for font encoding OML
Now handling font encoding T1 ...
... processing UTF-8 mapping file for font encoding T1

("C:\Program Files (x86)\MiKTeX 2.9\tex\latex\base\t1enc.dfu"
File: t1enc.dfu 2014/09/29 v1.1m UTF-8 support for inputenc
   defining Unicode char U+00A1 (decimal 161)
   defining Unicode char U+00A3 (decimal 163)
   defining Unicode char U+00AB (decimal 171)
   defining Unicode char U+00BB (decimal 187)
   defining Unicode char U+00BF (decimal 191)
   defining Unicode char U+00C0 (decimal 192)
   defining Unicode char U+00C1 (decimal 193)
   defining Unicode char U+00C2 (decimal 194)
   defining Unicode char U+00C3 (decimal 195)
   defining Unicode char U+00C4 (decimal 196)
   defining Unicode char U+00C5 (decimal 197)
   defining Unicode char U+00C6 (decimal 198)
   defining Unicode char U+00C7 (decimal 199)
   defining Unicode char U+00C8 (decimal 200)
   defining Unicode char U+00C9 (decimal 201)
   defining Unicode char U+00CA (decimal 202)
   defining Unicode char U+00CB (decimal 203)
   defining Unicode char U+00CC (decimal 204)
   defining Unicode char U+00CD (decimal 205)
   defining Unicode char U+00CE (decimal 206)
   defining Unicode char U+00CF (decimal 207)
   defining Unicode char U+00D0 (decimal 208)
   defining Unicode char U+00D1 (decimal 209)
   defining Unicode char U+00D2 (decimal 210)
   defining Unicode char U+00D3 (decimal 211)
   defining Unicode char U+00D4 (decimal 212)
   defining Unicode char U+00D5 (decimal 213)
   defining Unicode char U+00D6 (decimal 214)
   defining Unicode char U+00D8 (decimal 216)
   defining Unicode char U+00D9 (decimal 217)
   defining Unicode char U+00DA (decimal 218)
   defining Unicode char U+00DB (decimal 219)
   defining Unicode char U+00DC (decimal 220)
   defining Unicode char U+00DD (decimal 221)
   defining Unicode char U+00DE (decimal 222)
   defining Unicode char U+00DF (decimal 223)
   defining Unicode char U+00E0 (decimal 224)
   defining Unicode char U+00E1 (decimal 225)
   defining Unicode char U+00E2 (decimal 226)
   defining Unicode char U+00E3 (decimal 227)
   defining Unicode char U+00E4 (decimal 228)
   defining Unicode char U+00E5 (decimal 229)
   defining Unicode char U+00E6 (decimal 230)
   defining Unicode char U+00E7 (decimal 231)
   defining Unicode char U+00E8 (decimal 232)
   defining Unicode char U+00E9 (decimal 233)
   defining Unicode char U+00EA (decimal 234)
   defining Unicode char U+00EB (decimal 235)
   defining Unicode char U+00EC (decimal 236)
   defining Unicode char U+00ED (decimal 237)
   defining Unicode char U+00EE (decimal 238)
   defining Unicode char U+00EF (decimal 239)
   defining Unicode char U+00F0 (decimal 240)
   defining Unicode char U+00F1 (decimal 241)
   defining Unicode char U+00F2 (decimal 242)
   defining Unicode char U+00F3 (decimal 243)
   defining Unicode char U+00F4 (decimal 244)
   defining Unicode char U+00F5 (decimal 245)
   defining Unicode char U+00F6 (decimal 246)
   defining Unicode char U+00F8 (decimal 248)
   defining Unicode char U+00F9 (decimal 249)
   defining Unicode char U+00FA (decimal 250)
   defining Unicode char U+00FB (decimal 251)
   defining Unicode char U+00FC (decimal 252)
   defining Unicode char U+00FD (decimal 253)
   defining Unicode char U+00FE (decimal 254)
   defining Unicode char U+00FF (decimal 255)
   defining Unicode char U+0102 (decimal 258)
   defining Unicode char U+0103 (decimal 259)
   defining Unicode char U+0104 (decimal 260)
   defining Unicode char U+0105 (decimal 261)
   defining Unicode char U+0106 (decimal 262)
   defining Unicode char U+0107 (decimal 263)
   defining Unicode char U+010C (decimal 268)
   defining Unicode char U+010D (decimal 269)
   defining Unicode char U+010E (decimal 270)
   defining Unicode char U+010F (decimal 271)
   defining Unicode char U+0110 (decimal 272)
   defining Unicode char U+0111 (decimal 273)
   defining Unicode char U+0118 (decimal 280)
   defining Unicode char U+0119 (decimal 281)
   defining Unicode char U+011A (decimal 282)
   defining Unicode char U+011B (decimal 283)
   defining Unicode char U+011E (decimal 286)
   defining Unicode char U+011F (decimal 287)
   defining Unicode char U+0130 (decimal 304)
   defining Unicode char U+0131 (decimal 305)
   defining Unicode char U+0132 (decimal 306)
   defining Unicode char U+0133 (decimal 307)
   defining Unicode char U+0139 (decimal 313)
   defining Unicode char U+013A (decimal 314)
   defining Unicode char U+013D (decimal 317)
   defining Unicode char U+013E (decimal 318)
   defining Unicode char U+0141 (decimal 321)
   defining Unicode char U+0142 (decimal 322)
   defining Unicode char U+0143 (decimal 323)
   defining Unicode char U+0144 (decimal 324)
   defining Unicode char U+0147 (decimal 327)
   defining Unicode char U+0148 (decimal 328)
   defining Unicode char U+014A (decimal 330)
   defining Unicode char U+014B (decimal 331)
   defining Unicode char U+0150 (decimal 336)
   defining Unicode char U+0151 (decimal 337)
   defining Unicode char U+0152 (decimal 338)
   defining Unicode char U+0153 (decimal 339)
   defining Unicode char U+0154 (decimal 340)
   defining Unicode char U+0155 (decimal 341)
   defining Unicode char U+0158 (decimal 344)
   defining Unicode char U+0159 (decimal 345)
   defining Unicode char U+015A (decimal 346)
   defining Unicode char U+015B (decimal 347)
   defining Unicode char U+015E (decimal 350)
   defining Unicode char U+015F (decimal 351)
   defining Unicode char U+0160 (decimal 352)
   defining Unicode char U+0161 (decimal 353)
   defining Unicode char U+0162 (decimal 354)
   defining Unicode char U+0163 (decimal 355)
   defining Unicode char U+0164 (decimal 356)
   defining Unicode char U+0165 (decimal 357)
   defining Unicode char U+016E (decimal 366)
   defining Unicode char U+016F (decimal 367)
   defining Unicode char U+0170 (decimal 368)
   defining Unicode char U+0171 (decimal 369)
   defining Unicode char U+0178 (decimal 376)
   defining Unicode char U+0179 (decimal 377)
   defining Unicode char U+017A (decimal 378)
   defining Unicode char U+017B (decimal 379)
   defining Unicode char U+017C (decimal 380)
   defining Unicode char U+017D (decimal 381)
   defining Unicode char U+017E (decimal 382)
   defining Unicode char U+200C (decimal 8204)
   defining Unicode char U+2013 (decimal 8211)
   defining Unicode char U+2014 (decimal 8212)
   defining Unicode char U+2018 (decimal 8216)
   defining Unicode char U+2019 (decimal 8217)
   defining Unicode char U+201A (decimal 8218)
   defining Unicode char U+201C (decimal 8220)
   defining Unicode char U+201D (decimal 8221)
   defining Unicode char U+201E (decimal 8222)
   defining Unicode char U+2030 (decimal 8240)
   defining Unicode char U+2031 (decimal 8241)
   defining Unicode char U+2039 (decimal 8249)
   defining Unicode char U+203A (decimal 8250)
   defining Unicode char U+2423 (decimal 9251)
)
Now handling font encoding OT1 ...
... processing UTF-8 mapping file for font encoding OT1

("C:\Program Files (x86)\MiKTeX 2.9\tex\latex\base\ot1enc.dfu"
File: ot1enc.dfu 2014/09/29 v1.1m UTF-8 support for inputenc
   defining Unicode char U+00A1 (decimal 161)
   defining Unicode char U+00A3 (decimal 163)
   defining Unicode char U+00B8 (decimal 184)
   defining Unicode char U+00BF (decimal 191)
   defining Unicode char U+00C5 (decimal 197)
   defining Unicode char U+00C6 (decimal 198)
   defining Unicode char U+00D8 (decimal 216)
   defining Unicode char U+00DF (decimal 223)
   defining Unicode char U+00E6 (decimal 230)
   defining Unicode char U+00EC (decimal 236)
   defining Unicode char U+00ED (decimal 237)
   defining Unicode char U+00EE (decimal 238)
   defining Unicode char U+00EF (decimal 239)
   defining Unicode char U+00F8 (decimal 248)
   defining Unicode char U+0131 (decimal 305)
   defining Unicode char U+0141 (decimal 321)
   defining Unicode char U+0142 (decimal 322)
   defining Unicode char U+0152 (decimal 338)
   defining Unicode char U+0153 (decimal 339)
   defining Unicode char U+2013 (decimal 8211)
   defining Unicode char U+2014 (decimal 8212)
   defining Unicode char U+2018 (decimal 8216)
   defining Unicode char U+2019 (decimal 8217)
   defining Unicode char U+201C (decimal 8220)
   defining Unicode char U+201D (decimal 8221)
)
Now handling font encoding OMS ...
... processing UTF-8 mapping file for font encoding OMS

("C:\Program Files (x86)\MiKTeX 2.9\tex\latex\base\omsenc.dfu"
File: omsenc.dfu 2014/09/29 v1.1m UTF-8 support for inputenc
   defining Unicode char U+00A7 (decimal 167)
   defining Unicode char U+00B6 (decimal 182)
   defining Unicode char U+00B7 (decimal 183)
   defining Unicode char U+2020 (decimal 8224)
   defining Unicode char U+2021 (decimal 8225)
   defining Unicode char U+2022 (decimal 8226)
)
Now handling font encoding OMX ...
... no UTF-8 mapping file for font encoding OMX
Now handling font encoding U ...
... no UTF-8 mapping file for font encoding U
   defining Unicode char U+00A9 (decimal 169)
   defining Unicode char U+00AA (decimal 170)
   defining Unicode char U+00AE (decimal 174)
   defining Unicode char U+00BA (decimal 186)
   defining Unicode char U+02C6 (decimal 710)
   defining Unicode char U+02DC (decimal 732)
   defining Unicode char U+200C (decimal 8204)
   defining Unicode char U+2026 (decimal 8230)
   defining Unicode char U+2122 (decimal 8482)
   defining Unicode char U+2423 (decimal 9251)
))
("C:\Program Files (x86)\MiKTeX 2.9\tex\latex\base\fontenc.sty"
Package: fontenc 2005/09/27 v1.99g Standard LaTeX package

("C:\Program Files (x86)\MiKTeX 2.9\tex\latex\base\t1enc.def"
File: t1enc.def 2005/09/27 v1.99g Standard LaTeX file
LaTeX Font Info:    Redeclaring font encoding T1 on input line 43.
))
("C:\Program Files (x86)\MiKTeX 2.9\tex\latex\lm\lmodern.sty"
Package: lmodern 2009/10/30 v1.6 Latin Modern Fonts
LaTeX Font Info:    Overwriting symbol font `operators' in version `normal'
(Font)                  OT1/cmr/m/n --> OT1/lmr/m/n on input line 22.
LaTeX Font Info:    Overwriting symbol font `letters' in version `normal'
(Font)                  OML/cmm/m/it --> OML/lmm/m/it on input line 23.
LaTeX Font Info:    Overwriting symbol font `symbols' in version `normal'
(Font)                  OMS/cmsy/m/n --> OMS/lmsy/m/n on input line 24.
LaTeX Font Info:    Overwriting symbol font `largesymbols' in version `normal'
(Font)                  OMX/cmex/m/n --> OMX/lmex/m/n on input line 25.
LaTeX Font Info:    Overwriting symbol font `operators' in version `bold'
(Font)                  OT1/cmr/bx/n --> OT1/lmr/bx/n on input line 26.
LaTeX Font Info:    Overwriting symbol font `letters' in version `bold'
(Font)                  OML/cmm/b/it --> OML/lmm/b/it on input line 27.
LaTeX Font Info:    Overwriting symbol font `symbols' in version `bold'
(Font)                  OMS/cmsy/b/n --> OMS/lmsy/b/n on input line 28.
LaTeX Font Info:    Overwriting symbol font `largesymbols' in version `bold'
(Font)                  OMX/cmex/m/n --> OMX/lmex/m/n on input line 29.
LaTeX Font Info:    Overwriting math alphabet `\mathbf' in version `normal'
(Font)                  OT1/cmr/bx/n --> OT1/lmr/bx/n on input line 31.
LaTeX Font Info:    Overwriting math alphabet `\mathsf' in version `normal'
(Font)                  OT1/cmss/m/n --> OT1/lmss/m/n on input line 32.
LaTeX Font Info:    Overwriting math alphabet `\mathit' in version `normal'
(Font)                  OT1/cmr/m/it --> OT1/lmr/m/it on input line 33.
LaTeX Font Info:    Overwriting math alphabet `\mathtt' in version `normal'
(Font)                  OT1/cmtt/m/n --> OT1/lmtt/m/n on input line 34.
LaTeX Font Info:    Overwriting math alphabet `\mathbf' in version `bold'
(Font)                  OT1/cmr/bx/n --> OT1/lmr/bx/n on input line 35.
LaTeX Font Info:    Overwriting math alphabet `\mathsf' in version `bold'
(Font)                  OT1/cmss/bx/n --> OT1/lmss/bx/n on input line 36.
LaTeX Font Info:    Overwriting math alphabet `\mathit' in version `bold'
(Font)                  OT1/cmr/bx/it --> OT1/lmr/bx/it on input line 37.
LaTeX Font Info:    Overwriting math alphabet `\mathtt' in version `bold'
(Font)                  OT1/cmtt/m/n --> OT1/lmtt/m/n on input line 38.
)
("C:\Program Files (x86)\MiKTeX 2.9\tex\latex\mathtools\mathtools.sty"
Package: mathtools 2014/07/16 v1.15 mathematical typesetting tools

("C:\Program Files (x86)\MiKTeX 2.9\tex\latex\tools\calc.sty"
Package: calc 2014/10/28 v4.3 Infix arithmetic (KKT,FJ)
\calc@Acount=\count144
\calc@Bcount=\count145
\calc@Adimen=\dimen165
\calc@Bdimen=\dimen166
\calc@Askip=\skip187
\calc@Bskip=\skip188
LaTeX Info: Redefining \setlength on input line 75.
LaTeX Info: Redefining \addtolength on input line 76.
\calc@Ccount=\count146
\calc@Cskip=\skip189
)
("C:\Program Files (x86)\MiKTeX 2.9\tex\latex\mathtools\mhsetup.sty"
Package: mhsetup 2010/01/21 v1.2a programming setup (MH)
)
("C:\Program Files (x86)\MiKTeX 2.9\tex\latex\amsmath\amsmath.sty"
Package: amsmath 2013/01/14 v2.14 AMS math features
\@mathmargin=\skip190

For additional information on amsmath, use the `?' option.
("C:\Program Files (x86)\MiKTeX 2.9\tex\latex\amsmath\amstext.sty"
Package: amstext 2000/06/29 v2.01

("C:\Program Files (x86)\MiKTeX 2.9\tex\latex\amsmath\amsgen.sty"
File: amsgen.sty 1999/11/30 v2.0
\@emptytoks=\toks30
\ex@=\dimen167
))
("C:\Program Files (x86)\MiKTeX 2.9\tex\latex\amsmath\amsbsy.sty"
Package: amsbsy 1999/11/29 v1.2d
\pmbraise@=\dimen168
)
("C:\Program Files (x86)\MiKTeX 2.9\tex\latex\amsmath\amsopn.sty"
Package: amsopn 1999/12/14 v2.01 operator names
)
\inf@bad=\count147
LaTeX Info: Redefining \frac on input line 210.
\uproot@=\count148
\leftroot@=\count149
LaTeX Info: Redefining \overline on input line 306.
\classnum@=\count150
\DOTSCASE@=\count151
LaTeX Info: Redefining \ldots on input line 378.
LaTeX Info: Redefining \dots on input line 381.
LaTeX Info: Redefining \cdots on input line 466.
\Mathstrutbox@=\box34
\strutbox@=\box35
\big@size=\dimen169
LaTeX Font Info:    Redeclaring font encoding OML on input line 566.
LaTeX Font Info:    Redeclaring font encoding OMS on input line 567.
\macc@depth=\count152
\c@MaxMatrixCols=\count153
\dotsspace@=\muskip11
\c@parentequation=\count154
\dspbrk@lvl=\count155
\tag@help=\toks31
\row@=\count156
\column@=\count157
\maxfields@=\count158
\andhelp@=\toks32
\eqnshift@=\dimen170
\alignsep@=\dimen171
\tagshift@=\dimen172
\tagwidth@=\dimen173
\totwidth@=\dimen174
\lineht@=\dimen175
\@envbody=\toks33
\multlinegap=\skip191
\multlinetaggap=\skip192
\mathdisplay@stack=\toks34
LaTeX Info: Redefining \[ on input line 2665.
LaTeX Info: Redefining \] on input line 2666.
)
LaTeX Info: Thecontrolsequence`\['isalreadyrobust on input line 129.
LaTeX Info: Thecontrolsequence`\]'isalreadyrobust on input line 129.
\g_MT_multlinerow_int=\count159
\l_MT_multwidth_dim=\dimen176
\origjot=\skip193
\l_MT_shortvdotswithinadjustabove_dim=\dimen177
\l_MT_shortvdotswithinadjustbelow_dim=\dimen178
\l_MT_above_intertext_sep=\dimen179
\l_MT_below_intertext_sep=\dimen180
\l_MT_above_shortintertext_sep=\dimen181
\l_MT_below_shortintertext_sep=\dimen182
)
("C:\Program Files (x86)\MiKTeX 2.9\tex\latex\tools\longtable.sty"
Package: longtable 2014/10/28 v4.11 Multi-page Table package (DPC)
\LTleft=\skip194
\LTright=\skip195
\LTpre=\skip196
\LTpost=\skip197
\LTchunksize=\count160
\LTcapwidth=\dimen183
\LT@head=\box36
\LT@firsthead=\box37
\LT@foot=\box38
\LT@lastfoot=\box39
\LT@cols=\count161
\LT@rows=\count162
\c@LT@tables=\count163
\c@LT@chunks=\count164
\LT@p@ftn=\toks35
)
("C:\Program Files (x86)\MiKTeX 2.9\tex\latex\base\ifthen.sty"
Package: ifthen 2014/09/29 v1.1c Standard LaTeX ifthen package (DPC)
)
("C:\Program Files (x86)\MiKTeX 2.9\tex\latex\xifthen\xifthen.sty"
Package: xifthen 2009/04/17 v1.3 Extended ifthen features
)
("C:\Program Files (x86)\MiKTeX 2.9\tex\latex\hyperref\hyperref.sty"
Package: hyperref 2012/11/06 v6.83m Hypertext links for LaTeX

("C:\Program Files (x86)\MiKTeX 2.9\tex\generic\oberdiek\hobsub-hyperref.sty"
Package: hobsub-hyperref 2012/04/25 v1.12 Bundle oberdiek, subset hyperref (HO)


("C:\Program Files (x86)\MiKTeX 2.9\tex\generic\oberdiek\hobsub-generic.sty"
Package: hobsub-generic 2012/04/25 v1.12 Bundle oberdiek, subset generic (HO)
Package: hobsub 2012/04/25 v1.12 Construct package bundles (HO)
Package hobsub Info: Skipping package `infwarerr' (already loaded).
Package hobsub Info: Skipping package `ltxcmds' (already loaded).
Package hobsub Info: Skipping package `ifluatex' (already loaded).
Package: ifvtex 2010/03/01 v1.5 Detect VTeX and its facilities (HO)
Package ifvtex Info: VTeX not detected.
Package: intcalc 2007/09/27 v1.1 Expandable calculations with integers (HO)
Package hobsub Info: Skipping package `ifpdf' (already loaded).
Package: etexcmds 2011/02/16 v1.5 Avoid name clashes with e-TeX commands (HO)
Package etexcmds Info: Could not find \expanded.
(etexcmds)             That can mean that you are not using pdfTeX 1.50 or
(etexcmds)             that some package has redefined \expanded.
(etexcmds)             In the latter case, load this package earlier.
Package: kvsetkeys 2012/04/25 v1.16 Key value parser (HO)
Package: kvdefinekeys 2011/04/07 v1.3 Define keys (HO)
Package: pdftexcmds 2011/11/29 v0.20 Utility functions of pdfTeX for LuaTeX (HO
)
Package pdftexcmds Info: LuaTeX not detected.
Package pdftexcmds Info: \pdf@primitive is available.
Package pdftexcmds Info: \pdf@ifprimitive is available.
Package pdftexcmds Info: \pdfdraftmode found.
Package: pdfescape 2011/11/25 v1.13 Implements pdfTeX's escape features (HO)
Package: bigintcalc 2012/04/08 v1.3 Expandable calculations on big integers (HO
)
Package: bitset 2011/01/30 v1.1 Handle bit-vector datatype (HO)
Package: uniquecounter 2011/01/30 v1.2 Provide unlimited unique counter (HO)
)
Package hobsub Info: Skipping package `hobsub' (already loaded).
Package: letltxmacro 2010/09/02 v1.4 Let assignment for LaTeX macros (HO)
Package: hopatch 2011/06/24 v1.1 Wrapper for package hooks (HO)
Package: xcolor-patch 2011/01/30 xcolor patch
Package: atveryend 2011/06/30 v1.8 Hooks at the very end of document (HO)
Package atveryend Info: \enddocument detected (standard20110627).
Package: atbegshi 2011/10/05 v1.16 At begin shipout hook (HO)
Package: refcount 2011/10/16 v3.4 Data extraction from label references (HO)
Package: hycolor 2011/01/30 v1.7 Color options for hyperref/bookmark (HO)
)
("C:\Program Files (x86)\MiKTeX 2.9\tex\latex\oberdiek\auxhook.sty"
Package: auxhook 2011/03/04 v1.3 Hooks for auxiliary files (HO)
)
("C:\Program Files (x86)\MiKTeX 2.9\tex\latex\oberdiek\kvoptions.sty"
Package: kvoptions 2011/06/30 v3.11 Key value format for package options (HO)
)
\@linkdim=\dimen184
\Hy@linkcounter=\count165
\Hy@pagecounter=\count166

("C:\Program Files (x86)\MiKTeX 2.9\tex\latex\hyperref\pd1enc.def"
File: pd1enc.def 2012/11/06 v6.83m Hyperref: PDFDocEncoding definition (HO)
Now handling font encoding PD1 ...
... no UTF-8 mapping file for font encoding PD1
)
\Hy@SavedSpaceFactor=\count167

("C:\Program Files (x86)\MiKTeX 2.9\tex\latex\00miktex\hyperref.cfg"
File: hyperref.cfg 2002/06/06 v1.2 hyperref configuration of TeXLive
)
Package hyperref Info: Option `plainpages' set `false' on input line 4319.
Package hyperref Info: Option `pdfpagelabels' set `true' on input line 4319.
Package hyperref Info: Option `pageanchor' set `false' on input line 4319.
Package hyperref Info: Hyper figures OFF on input line 4443.
Package hyperref Info: Link nesting OFF on input line 4448.
Package hyperref Info: Hyper index ON on input line 4451.
Package hyperref Info: Plain pages OFF on input line 4458.
Package hyperref Info: Backreferencing OFF on input line 4463.
Package hyperref Info: Implicit mode ON; LaTeX internals redefined.
Package hyperref Info: Bookmarks ON on input line 4688.
\c@Hy@tempcnt=\count168
LaTeX Info: Redefining \url on input line 5041.
\XeTeXLinkMargin=\dimen185
\Fld@menulength=\count169
\Field@Width=\dimen186
\Fld@charsize=\dimen187
Package hyperref Info: Hyper figures OFF on input line 6295.
Package hyperref Info: Link nesting OFF on input line 6300.
Package hyperref Info: Hyper index ON on input line 6303.
Package hyperref Info: backreferencing OFF on input line 6310.
Package hyperref Info: Link coloring OFF on input line 6315.
Package hyperref Info: Link coloring with OCG OFF on input line 6320.
Package hyperref Info: PDF/A mode OFF on input line 6325.
LaTeX Info: Redefining \ref on input line 6365.
LaTeX Info: Redefining \pageref on input line 6369.
\Hy@abspage=\count170
\c@Item=\count171
\c@Hfootnote=\count172
)
("C:\Program Files (x86)\MiKTeX 2.9\tex\latex\memoir\memhfixc.sty"
Package: memhfixc 2013/05/30 v1.17 nameref/hyperref package fixes for memoir cl
ass
\c@memhycontfloat=\count173
\c@Hpagenote=\count174
)

Package hyperref Message: Driver (autodetected): hpdftex.

("C:\Program Files (x86)\MiKTeX 2.9\tex\latex\hyperref\hpdftex.def"
File: hpdftex.def 2012/11/06 v6.83m Hyperref driver for pdfTeX
\Fld@listcount=\count175
\c@bookmark@seq@number=\count176

("C:\Program Files (x86)\MiKTeX 2.9\tex\latex\oberdiek\rerunfilecheck.sty"
Package: rerunfilecheck 2011/04/15 v1.7 Rerun checks for auxiliary files (HO)
Package uniquecounter Info: New unique counter `rerunfilecheck' on input line 2
82.
)
\Hy@SectionHShift=\skip198
)
("C:\Program Files (x86)\MiKTeX 2.9\tex\latex\geometry\geometry.sty"
Package: geometry 2010/09/12 v5.6 Page Geometry
\Gm@cnth=\count177
\Gm@cntv=\count178
\c@Gm@tempcnt=\count179
\Gm@bindingoffset=\dimen188
\Gm@wd@mp=\dimen189
\Gm@odd@mp=\dimen190
\Gm@even@mp=\dimen191
\Gm@layoutwidth=\dimen192
\Gm@layoutheight=\dimen193
\Gm@layouthoffset=\dimen194
\Gm@layoutvoffset=\dimen195
\Gm@dimlist=\toks36

("C:\Program Files (x86)\MiKTeX 2.9\tex\latex\geometry\geometry.cfg"))
(skabelon.aux (forside.aux) (testing.aux

LaTeX Warning: Label `tab:tabel2' multiply defined.


LaTeX Warning: Label `tab:tabel2' multiply defined.


LaTeX Warning: Label `tab:tabel2' multiply defined.


LaTeX Warning: Label `tab:tabel2' multiply defined.


LaTeX Warning: Label `tab:tabel2' multiply defined.


LaTeX Warning: Label `tab:tabel2' multiply defined.


LaTeX Warning: Label `tab:tabel2' multiply defined.


LaTeX Warning: Label `tab:tabel2' multiply defined.


LaTeX Warning: Label `tab:tabel2' multiply defined.


LaTeX Warning: Label `tab:tabel2' multiply defined.


LaTeX Warning: Label `tab:tabel2' multiply defined.


LaTeX Warning: Label `tab:tabel2' multiply defined.


LaTeX Warning: Label `tab:tabel2' multiply defined.


LaTeX Warning: Label `tab:tabel2' multiply defined.


LaTeX Warning: Label `tab:tabel2' multiply defined.


LaTeX Warning: Label `tab:tabel2' multiply defined.


LaTeX Warning: Label `tab:tabel2' multiply defined.


LaTeX Warning: Label `tab:tabel2' multiply defined.


LaTeX Warning: Label `tab:tabel2' multiply defined.


LaTeX Warning: Label `tab:tabel2' multiply defined.


LaTeX Warning: Label `tab:tabel2' multiply defined.


LaTeX Warning: Label `tab:tabel2' multiply defined.


LaTeX Warning: Label `tab:tabel2' multiply defined.


LaTeX Warning: Label `tab:tabel2' multiply defined.


LaTeX Warning: Label `tab:tabel2' multiply defined.


LaTeX Warning: Label `tab:tabel2' multiply defined.


LaTeX Warning: Label `tab:tabel2' multiply defined.


LaTeX Warning: Label `tab:tabel2' multiply defined.


LaTeX Warning: Label `tab:tabel2' multiply defined.


LaTeX Warning: Label `tab:tabel2' multiply defined.


LaTeX Warning: Label `tab:tabel2' multiply defined.


LaTeX Warning: Label `tab:tabel2' multiply defined.


LaTeX Warning: Label `tab:tabel2' multiply defined.


LaTeX Warning: Label `tab:tabel2' multiply defined.


LaTeX Warning: Label `tab:tabel2' multiply defined.


LaTeX Warning: Label `tab:tabel2' multiply defined.


LaTeX Warning: Label `tab:tabel2' multiply defined.


LaTeX Warning: Label `tab:tabel2' multiply defined.


LaTeX Warning: Label `tab:tabel2' multiply defined.


LaTeX Warning: Label `tab:tabel2' multiply defined.


LaTeX Warning: Label `tab:tabel2' multiply defined.


LaTeX Warning: Label `tab:tabel2' multiply defined.


LaTeX Warning: Label `tab:tabel2' multiply defined.


LaTeX Warning: Label `tab:tabel2' multiply defined.


LaTeX Warning: Label `tab:tabel2' multiply defined.


LaTeX Warning: Label `tab:tabel2' multiply defined.


LaTeX Warning: Label `tab:tabel2' multiply defined.


LaTeX Warning: Label `tab:tabel2' multiply defined.


LaTeX Warning: Label `tab:tabel2' multiply defined.


LaTeX Warning: Label `tab:tabel2' multiply defined.


LaTeX Warning: Label `tab:tabel2' multiply defined.


LaTeX Warning: Label `tab:tabel2' multiply defined.


LaTeX Warning: Label `tab:tabel2' multiply defined.


LaTeX Warning: Label `tab:tabel2' multiply defined.


LaTeX Warning: Label `tab:tabel2' multiply defined.


LaTeX Warning: Label `tab:tabel2' multiply defined.


LaTeX Warning: Label `tab:tabel2' multiply defined.


LaTeX Warning: Label `tab:tabel2' multiply defined.


LaTeX Warning: Label `tab:tabel2' multiply defined.


LaTeX Warning: Label `tab:tabel2' multiply defined.


LaTeX Warning: Label `tab:tabel2' multiply defined.


LaTeX Warning: Label `tab:tabel2' multiply defined.


LaTeX Warning: Label `tab:tabel2' multiply defined.


LaTeX Warning: Label `tab:tabel2' multiply defined.


LaTeX Warning: Label `tab:tabel2' multiply defined.


LaTeX Warning: Label `tab:tabel2' multiply defined.


LaTeX Warning: Label `tab:tabel2' multiply defined.


LaTeX Warning: Label `tab:tabel2' multiply defined.


LaTeX Warning: Label `tab:tabel2' multiply defined.


LaTeX Warning: Label `tab:tabel2' multiply defined.


LaTeX Warning: Label `tab:tabel2' multiply defined.


LaTeX Warning: Label `tab:tabel2' multiply defined.


LaTeX Warning: Label `tab:tabel2' multiply defined.


LaTeX Warning: Label `tab:tabel2' multiply defined.


LaTeX Warning: Label `tab:tabel2' multiply defined.


LaTeX Warning: Label `tab:tabel2' multiply defined.


LaTeX Warning: Label `tab:tabel2' multiply defined.


LaTeX Warning: Label `tab:tabel2' multiply defined.


LaTeX Warning: Label `tab:tabel2' multiply defined.


LaTeX Warning: Label `tab:tabel2' multiply defined.


LaTeX Warning: Label `tab:tabel2' multiply defined.


LaTeX Warning: Label `tab:tabel2' multiply defined.


LaTeX Warning: Label `tab:tabel2' multiply defined.


LaTeX Warning: Label `tab:tabel2' multiply defined.


LaTeX Warning: Label `tab:tabel2' multiply defined.


LaTeX Warning: Label `tab:tabel2' multiply defined.


LaTeX Warning: Label `tab:tabel8' multiply defined.

) (bibliotek.aux))
LaTeX Font Info:    Checking defaults for OML/cmm/m/it on input line 48.
LaTeX Font Info:    ... okay on input line 48.
LaTeX Font Info:    Checking defaults for T1/cmr/m/n on input line 48.
LaTeX Font Info:    ... okay on input line 48.
LaTeX Font Info:    Checking defaults for OT1/cmr/m/n on input line 48.
LaTeX Font Info:    ... okay on input line 48.
LaTeX Font Info:    Checking defaults for OMS/cmsy/m/n on input line 48.
LaTeX Font Info:    ... okay on input line 48.
LaTeX Font Info:    Checking defaults for OMX/cmex/m/n on input line 48.
LaTeX Font Info:    ... okay on input line 48.
LaTeX Font Info:    Checking defaults for U/cmr/m/n on input line 48.
LaTeX Font Info:    ... okay on input line 48.
LaTeX Font Info:    Checking defaults for PD1/pdf/m/n on input line 48.
LaTeX Font Info:    ... okay on input line 48.
LaTeX Font Info:    Try loading font information for T1+lmr on input line 48.
 ("C:\Program Files (x86)\MiKTeX 2.9\tex\latex\lm\t1lmr.fd"
File: t1lmr.fd 2009/10/30 v1.6 Font defs for Latin Modern
)
("C:\Program Files (x86)\MiKTeX 2.9\tex\context\base\supp-pdf.mkii"
[Loading MPS to PDF converter (version 2006.09.02).]
\scratchcounter=\count180
\scratchdimen=\dimen196
\scratchbox=\box40
\nofMPsegments=\count181
\nofMParguments=\count182
\everyMPshowfont=\toks37
\MPscratchCnt=\count183
\MPscratchDim=\dimen197
\MPnumerator=\count184
\makeMPintoPDFobject=\count185
\everyMPtoPDFconversion=\toks38
)
\AtBeginShipoutBox=\box41
Package hyperref Info: Link coloring OFF on input line 48.
 ("C:\Program Files (x86)\MiKTeX 2.9\tex\latex\hyperref\nameref.sty"
Package: nameref 2012/10/27 v2.43 Cross-referencing by name of section

("C:\Program Files (x86)\MiKTeX 2.9\tex\generic\oberdiek\gettitlestring.sty"
Package: gettitlestring 2010/12/03 v1.4 Cleanup title references (HO)
)
\c@section@level=\count186
)
Redoing nameref's sectioning
Redoing nameref's label
LaTeX Info: Redefining \nameref on input line 48.
LaTeX Info: Redefining \ref on input line 48.
LaTeX Info: Redefining \pageref on input line 48.
LaTeX Info: Redefining \nameref on input line 48.
(skabelon.out) (skabelon.out)
\@outlinefile=\write4

*geometry* driver: auto-detecting
*geometry* detected driver: pdftex
*geometry* verbose mode - [ preamble ] result:
* driver: pdftex
* paper: a4paper
* layout: <same size as paper>
* layoutoffset:(h,v)=(0.0pt,0.0pt)
* modes: 
* h-part:(L,W,R)=(72.26999pt, 452.9679pt, 72.26999pt)
* v-part:(T,H,B)=(90.3375pt, 664.37186pt, 90.3375pt)
* \paperwidth=597.50787pt
* \paperheight=845.04684pt
* \textwidth=452.9679pt
* \textheight=664.37186pt
* \oddsidemargin=0.0pt
* \evensidemargin=0.0pt
* \topmargin=-15.4063pt
* \headheight=13.6pt
* \headsep=19.8738pt
* \topskip=11.0pt
* \footskip=27.46295pt
* \marginparwidth=49.0pt
* \marginparsep=7.0pt
* \columnsep=10.0pt
* \skip\footins=12.0pt plus 4.0pt minus 4.0pt
* \hoffset=0.0pt
* \voffset=0.0pt
* \mag=1000
* \@twocolumnfalse
* \@twosidefalse
* \@mparswitchfalse
* \@reversemarginfalse
* (1in=72.27pt=25.4mm, 1cm=28.453pt)

(forside.tex <billeder/logoAU.jpg, id=83, 134.1813pt x 39.5076pt>
File: billeder/logoAU.jpg Graphic file (type jpg)

<use billeder/logoAU.jpg>
Package pdftex.def Info: billeder/logoAU.jpg used on input line 3.
(pdftex.def)             Requested size: 226.48395pt x 66.68878pt.
LaTeX Font Info:    Try loading font information for OT1+lmr on input line 15.

("C:\Program Files (x86)\MiKTeX 2.9\tex\latex\lm\ot1lmr.fd"
File: ot1lmr.fd 2009/10/30 v1.6 Font defs for Latin Modern
)
LaTeX Font Info:    Try loading font information for OML+lmm on input line 15.

("C:\Program Files (x86)\MiKTeX 2.9\tex\latex\lm\omllmm.fd"
File: omllmm.fd 2009/10/30 v1.6 Font defs for Latin Modern
)
LaTeX Font Info:    Try loading font information for OMS+lmsy on input line 15.


("C:\Program Files (x86)\MiKTeX 2.9\tex\latex\lm\omslmsy.fd"
File: omslmsy.fd 2009/10/30 v1.6 Font defs for Latin Modern
)
LaTeX Font Info:    Try loading font information for OMX+lmex on input line 15.


("C:\Program Files (x86)\MiKTeX 2.9\tex\latex\lm\omxlmex.fd"
File: omxlmex.fd 2009/10/30 v1.6 Font defs for Latin Modern
)
LaTeX Font Info:    External font `lmex10' loaded for size
(Font)              <10.95> on input line 15.
LaTeX Font Info:    External font `lmex10' loaded for size
(Font)              <8> on input line 15.
LaTeX Font Info:    External font `lmex10' loaded for size
(Font)              <6> on input line 15.
LaTeX Font Info:    Try loading font information for U+msa on input line 15.

("C:\Program Files (x86)\MiKTeX 2.9\tex\latex\amsfonts\umsa.fd"
File: umsa.fd 2013/01/14 v3.01 AMS symbols A
)
LaTeX Font Info:    Try loading font information for U+msb on input line 15.

("C:\Program Files (x86)\MiKTeX 2.9\tex\latex\amsfonts\umsb.fd"
File: umsb.fd 2013/01/14 v3.01 AMS symbols B
)
Package babel Info: Redefining danish shorthand "|
(babel)             in language  on input line 34.
Package babel Info: Redefining danish shorthand "~
(babel)             in language  on input line 34.
 [1



{C:/ProgramData/MiKTeX/2.9/pdftex/config/pdftex.map} <./billeder/logoAU.jpg>])
Package babel Info: Redefining danish shorthand "|
(babel)             in language  on input line 54.
Package babel Info: Redefining danish shorthand "~
(babel)             in language  on input line 54.

(skabelon.toc)
Package babel Info: Redefining danish shorthand "|
(babel)             in language  on input line 57.
Package babel Info: Redefining danish shorthand "~
(babel)             in language  on input line 57.
 [1


] (testing.tex
Package babel Info: Redefining danish shorthand "|
(babel)             in language  on input line 1.
Package babel Info: Redefining danish shorthand "~
(babel)             in language  on input line 1.

Underfull \hbox (badness 10000) in paragraph at lines 2--10

 []


Underfull \hbox (badness 10000) in paragraph at lines 2--10

 []


Underfull \hbox (badness 10000) in paragraph at lines 2--10

 []

Package babel Info: Redefining danish shorthand "|
(babel)             in language  on input line 10.
Package babel Info: Redefining danish shorthand "~
(babel)             in language  on input line 10.
[1



]
Package babel Info: Redefining danish shorthand "|
(babel)             in language  on input line 10.
Package babel Info: Redefining danish shorthand "~
(babel)             in language  on input line 10.
Package babel Info: Redefining danish shorthand "|
(babel)             in language  on input line 11.
Package babel Info: Redefining danish shorthand "~
(babel)             in language  on input line 11.

Underfull \hbox (badness 10000) in paragraph at lines 22--34

 []


Underfull \hbox (badness 10000) in paragraph at lines 22--34

 []

Package babel Info: Redefining danish shorthand "|
(babel)             in language  on input line 34.
Package babel Info: Redefining danish shorthand "~
(babel)             in language  on input line 34.
Package babel Info: Redefining danish shorthand "|
(babel)             in language  on input line 36.
Package babel Info: Redefining danish shorthand "~
(babel)             in language  on input line 36.
[2

]
Package babel Info: Redefining danish shorthand "|
(babel)             in language  on input line 37.
Package babel Info: Redefining danish shorthand "~
(babel)             in language  on input line 37.
 <billeder/system.jpg, id=123, 511.9125pt x 316.93407pt>
File: billeder/system.jpg Graphic file (type jpg)

<use billeder/system.jpg>
Package pdftex.def Info: billeder/system.jpg used on input line 45.
(pdftex.def)             Requested size: 362.37569pt x 224.35255pt.

Underfull \hbox (badness 10000) in paragraph at lines 38--47

 []


Underfull \hbox (badness 10000) in paragraph at lines 38--47

 []

Package babel Info: Redefining danish shorthand "|
(babel)             in language  on input line 48.
Package babel Info: Redefining danish shorthand "~
(babel)             in language  on input line 48.
[3 <./billeder/system.jpg>]
Package babel Info: Redefining danish shorthand "|
(babel)             in language  on input line 49.
Package babel Info: Redefining danish shorthand "~
(babel)             in language  on input line 49.

<billeder/Aktorkontekst.jpg, id=133, 344.03531pt x 335.00156pt>
File: billeder/Aktorkontekst.jpg Graphic file (type jpg)

<use billeder/Aktorkontekst.jpg>
Package pdftex.def Info: billeder/Aktorkontekst.jpg used on input line 51.
(pdftex.def)             Requested size: 294.42636pt x 286.69511pt.


LaTeX Warning: `!h' float specifier changed to `!ht'.


LaTeX Warning: `!h' float specifier changed to `!ht'.


LaTeX Warning: `!h' float specifier changed to `!ht'.


LaTeX Warning: `!h' float specifier changed to `!ht'.

Package babel Info: Redefining danish shorthand "|
(babel)             in language  on input line 103.
Package babel Info: Redefining danish shorthand "~
(babel)             in language  on input line 103.
[4 <./billeder/Aktorkontekst.jpg>]
Package babel Info: Redefining danish shorthand "|
(babel)             in language  on input line 104.
Package babel Info: Redefining danish shorthand "~
(babel)             in language  on input line 104.

<billeder/UseCaseDiagram.jpg, id=139, 364.36125pt x 307.90031pt>
File: billeder/UseCaseDiagram.jpg Graphic file (type jpg)

<use billeder/UseCaseDiagram.jpg>
Package pdftex.def Info: billeder/UseCaseDiagram.jpg used on input line 106.
(pdftex.def)             Requested size: 317.07614pt x 267.95097pt.
Package babel Info: Redefining danish shorthand "|
(babel)             in language  on input line 109.
Package babel Info: Redefining danish shorthand "~
(babel)             in language  on input line 109.
 [5]
Overfull \hbox (26.2738pt too wide) in paragraph at lines 109--117
\T1/lmr/m/n/10.95 skal der v-re en for-bin-del-se til $\OT1/lmr/m/n/10.95 "\OM
L/lmm/m/it/10.95 webhotel\OT1/lmr/m/n/10.95 10\OML/lmm/m/it/10.95 :F\OT1/lmr/m/
n/10.95 15\OML/lmm/m/it/10.95 ST\OT1/lmr/m/n/10.95 2\OML/lmm/m/it/10.95 ITS\OT1
/lmr/m/n/10.95 2201404669\OML/lmm/m/it/10.95 :db[]owner\OT1/lmr/m/n/10.95 "$\T1
/lmr/m/n/10.95 (Personaledatabasen)
 []


Underfull \hbox (badness 10000) in paragraph at lines 109--117

 []

Package babel Info: Redefining danish shorthand "|
(babel)             in language  on input line 140.
Package babel Info: Redefining danish shorthand "~
(babel)             in language  on input line 140.
[6 <./billeder/UseCaseDiagram.jpg>]
Package babel Info: Redefining danish shorthand "|
(babel)             in language  on input line 181.
Package babel Info: Redefining danish shorthand "~
(babel)             in language  on input line 181.
 [7]
Package babel Info: Redefining danish shorthand "|
(babel)             in language  on input line 212.
Package babel Info: Redefining danish shorthand "~
(babel)             in language  on input line 212.
 [8]
Package babel Info: Redefining danish shorthand "|
(babel)             in language  on input line 232.
Package babel Info: Redefining danish shorthand "~
(babel)             in language  on input line 232.
 [9]
Package babel Info: Redefining danish shorthand "|
(babel)             in language  on input line 236.
Package babel Info: Redefining danish shorthand "~
(babel)             in language  on input line 236.
LaTeX Font Info:    Try loading font information for OMS+lmr on input line 239.


("C:\Program Files (x86)\MiKTeX 2.9\tex\latex\lm\omslmr.fd"
File: omslmr.fd 2009/10/30 v1.6 Font defs for Latin Modern
)
LaTeX Font Info:    Font shape `OMS/lmr/m/n' in size <10.95> not available
(Font)              Font shape `OMS/lmsy/m/n' tried instead on input line 239.
Package babel Info: Redefining danish shorthand "|
(babel)             in language  on input line 278.
Package babel Info: Redefining danish shorthand "~
(babel)             in language  on input line 278.
 [10]
<billeder/skitseStart.jpg, id=180, 505.13719pt x 334.24875pt>
File: billeder/skitseStart.jpg Graphic file (type jpg)

<use billeder/skitseStart.jpg>
Package pdftex.def Info: billeder/skitseStart.jpg used on input line 294.
(pdftex.def)             Requested size: 181.18439pt x 119.89082pt.

<billeder/skitseHoved.jpg, id=181, 1021.56656pt x 517.18219pt>
File: billeder/skitseHoved.jpg Graphic file (type jpg)

<use billeder/skitseHoved.jpg>
Package pdftex.def Info: billeder/skitseHoved.jpg used on input line 298.
(pdftex.def)             Requested size: 452.9679pt x 229.32068pt.


LaTeX Warning: `!h' float specifier changed to `!ht'.

Package babel Info: Redefining danish shorthand "|
(babel)             in language  on input line 316.
Package babel Info: Redefining danish shorthand "~
(babel)             in language  on input line 316.
[11 <./billeder/skitseStart.jpg>]
Package babel Info: Redefining danish shorthand "|
(babel)             in language  on input line 324.
Package babel Info: Redefining danish shorthand "~
(babel)             in language  on input line 324.
 [12 <./billeder/skitseHoved.jpg>]
Package babel Info: Redefining danish shorthand "|
(babel)             in language  on input line 324.
Package babel Info: Redefining danish shorthand "~
(babel)             in language  on input line 324.
Package babel Info: Redefining danish shorthand "|
(babel)             in language  on input line 327.
Package babel Info: Redefining danish shorthand "~
(babel)             in language  on input line 327.

<billeder/butterworth.jpg, id=213, 353.82187pt x 169.38281pt>
File: billeder/butterworth.jpg Graphic file (type jpg)

<use billeder/butterworth.jpg>
Package pdftex.def Info: billeder/butterworth.jpg used on input line 333.
(pdftex.def)             Requested size: 226.48395pt x 108.4253pt.
Package babel Info: Redefining danish shorthand "|
(babel)             in language  on input line 346.
Package babel Info: Redefining danish shorthand "~
(babel)             in language  on input line 346.
 [13

 <./billeder/butterworth.jpg>]
Package babel Info: Redefining danish shorthand "|
(babel)             in language  on input line 375.
Package babel Info: Redefining danish shorthand "~
(babel)             in language  on input line 375.
 [14]
Underfull \hbox (badness 10000) in paragraph at lines 378--381

 []

<billeder/spandingsforsyning.jpg, id=229, 159.59625pt x 157.33781pt>
File: billeder/spandingsforsyning.jpg Graphic file (type jpg)

<use billeder/spandingsforsyning.jpg>
Package pdftex.def Info: billeder/spandingsforsyning.jpg used on input line 403
.
(pdftex.def)             Requested size: 90.5922pt x 89.31136pt.

Underfull \hbox (badness 10000) in paragraph at lines 398--405

 []

Package babel Info: Redefining danish shorthand "|
(babel)             in language  on input line 405.
Package babel Info: Redefining danish shorthand "~
(babel)             in language  on input line 405.
[15]
Underfull \hbox (badness 10000) in paragraph at lines 421--425

 []

Package babel Info: Redefining danish shorthand "|
(babel)             in language  on input line 427.
Package babel Info: Redefining danish shorthand "~
(babel)             in language  on input line 427.
[16 <./billeder/spandingsforsyning.jpg>]
<billeder/BDD.jpg, id=254, 733.23938pt x 255.95625pt>
File: billeder/BDD.jpg Graphic file (type jpg)
 <use billeder/BDD.jpg>
Package pdftex.def Info: billeder/BDD.jpg used on input line 450.
(pdftex.def)             Requested size: 452.9679pt x 158.121pt.
Package babel Info: Redefining danish shorthand "|
(babel)             in language  on input line 456.
Package babel Info: Redefining danish shorthand "~
(babel)             in language  on input line 456.

[17 <./billeder/BDD.jpg>]
<billeder/IBD.jpg, id=269, 556.32843pt x 258.21469pt>
File: billeder/IBD.jpg Graphic file (type jpg)
 <use billeder/IBD.jpg>
Package pdftex.def Info: billeder/IBD.jpg used on input line 464.
(pdftex.def)             Requested size: 452.9679pt x 210.24413pt.

<billeder/testOpstilling.jpg, id=270, 722.7pt x 722.7pt>
File: billeder/testOpstilling.jpg Graphic file (type jpg)

<use billeder/testOpstilling.jpg>
Package pdftex.def Info: billeder/testOpstilling.jpg used on input line 475.
(pdftex.def)             Requested size: 452.9679pt x 452.96558pt.
Package babel Info: Redefining danish shorthand "|
(babel)             in language  on input line 478.
Package babel Info: Redefining danish shorthand "~
(babel)             in language  on input line 478.
 [18 <./billeder/IBD.jpg>]
<billeder/ina_114.png, id=277, 213.79875pt x 154.32657pt>
File: billeder/ina_114.png Graphic file (type png)

<use billeder/ina_114.png>
Package pdftex.def Info: billeder/ina_114.png used on input line 491.
(pdftex.def)             Requested size: 90.5922pt x 65.39128pt.
Package babel Info: Redefining danish shorthand "|
(babel)             in language  on input line 494.
Package babel Info: Redefining danish shorthand "~
(babel)             in language  on input line 494.
 [19 <./billeder/testOpstilling.jpg>]
<billeder/testFilter.jpg, id=283, 1147.28625pt x 606.01407pt>
File: billeder/testFilter.jpg Graphic file (type jpg)

<use billeder/testFilter.jpg>
Package pdftex.def Info: billeder/testFilter.jpg used on input line 527.
(pdftex.def)             Requested size: 452.9679pt x 239.25734pt.
Package babel Info: Redefining danish shorthand "|
(babel)             in language  on input line 530.
Package babel Info: Redefining danish shorthand "~
(babel)             in language  on input line 530.
 [20 <./billeder/ina_114.png>]
<billeder/vandsojleTest.png, id=289, 487.8225pt x 284.56313pt>
File: billeder/vandsojleTest.png Graphic file (type png)

<use billeder/vandsojleTest.png>
Package pdftex.def Info: billeder/vandsojleTest.png used on input line 544.
(pdftex.def)             Requested size: 452.9679pt x 264.2328pt.
Package babel Info: Redefining danish shorthand "|
(babel)             in language  on input line 547.
Package babel Info: Redefining danish shorthand "~
(babel)             in language  on input line 547.
 [21 <./billeder/testFilter.jpg>]
Package babel Info: Redefining danish shorthand "|
(babel)             in language  on input line 547.
Package babel Info: Redefining danish shorthand "~
(babel)             in language  on input line 547.
 [22 <./billeder/vandsojleTest.png>]
Package babel Info: Redefining danish shorthand "|
(babel)             in language  on input line 548.
Package babel Info: Redefining danish shorthand "~
(babel)             in language  on input line 548.

<billeder/SkitseStartGammel.jpg, id=299, 971.12813pt x 485.56406pt>
File: billeder/SkitseStartGammel.jpg Graphic file (type jpg)

<use billeder/SkitseStartGammel.jpg>
Package pdftex.def Info: billeder/SkitseStartGammel.jpg used on input line 553.

(pdftex.def)             Requested size: 226.48395pt x 113.24069pt.

Underfull \hbox (badness 10000) in paragraph at lines 551--555

 []

<billeder/SkitseStartNy.jpg, id=300, 494.59781pt x 329.73187pt>
File: billeder/SkitseStartNy.jpg Graphic file (type jpg)

<use billeder/SkitseStartNy.jpg>
Package pdftex.def Info: billeder/SkitseStartNy.jpg used on input line 560.
(pdftex.def)             Requested size: 226.48395pt x 150.9892pt.
Package babel Info: Redefining danish shorthand "|
(babel)             in language  on input line 562.
Package babel Info: Redefining danish shorthand "~
(babel)             in language  on input line 562.
 [23 <./billeder/SkitseStartGammel.jpg>]
<billeder/SkitseHovedNy.jpg, id=307, 1023.07219pt x 517.935pt>
File: billeder/SkitseHovedNy.jpg Graphic file (type jpg)

<use billeder/SkitseHovedNy.jpg>
Package pdftex.def Info: billeder/SkitseHovedNy.jpg used on input line 564.
(pdftex.def)             Requested size: 362.37569pt x 183.4533pt.

<billeder/DM.jpg, id=308, 782.925pt x 541.27219pt>
File: billeder/DM.jpg Graphic file (type jpg)
 <use billeder/DM.jpg>
Package pdftex.def Info: billeder/DM.jpg used on input line 570.
(pdftex.def)             Requested size: 452.9679pt x 313.16173pt.
Package babel Info: Redefining danish shorthand "|
(babel)             in language  on input line 573.
Package babel Info: Redefining danish shorthand "~
(babel)             in language  on input line 573.

[24 <./billeder/SkitseStartNy.jpg> <./billeder/SkitseHovedNy.jpg>]
Package babel Info: Redefining danish shorthand "|
(babel)             in language  on input line 574.
Package babel Info: Redefining danish shorthand "~
(babel)             in language  on input line 574.
 [25 <./billeder/DM.jpg>] <billeder/appModel.jpg, id=319, 669.2503pt x 352.3162
5pt>
File: billeder/appModel.jpg Graphic file (type jpg)

<use billeder/appModel.jpg>
Package pdftex.def Info: billeder/appModel.jpg used on input line 580.
(pdftex.def)             Requested size: 452.9679pt x 238.46443pt.

Underfull \hbox (badness 10000) in paragraph at lines 577--582

 []

<billeder/Trelagsmodel.jpg, id=320, 732.48656pt x 291.33844pt>
File: billeder/Trelagsmodel.jpg Graphic file (type jpg)

<use billeder/Trelagsmodel.jpg>
Package pdftex.def Info: billeder/Trelagsmodel.jpg used on input line 594.
(pdftex.def)             Requested size: 452.9679pt x 180.16563pt.

Underfull \hbox (badness 10000) in paragraph at lines 583--596

 []


Underfull \hbox (badness 10000) in paragraph at lines 583--596

 []

Package babel Info: Redefining danish shorthand "|
(babel)             in language  on input line 596.
Package babel Info: Redefining danish shorthand "~
(babel)             in language  on input line 596.
[26 <./billeder/appModel.jpg>]
Underfull \hbox (badness 10000) in paragraph at lines 597--610

 []


Underfull \hbox (badness 10000) in paragraph at lines 597--610

 []


Underfull \hbox (badness 10000) in paragraph at lines 597--610

 []


Underfull \hbox (badness 10000) in paragraph at lines 597--610

 []

Package babel Info: Redefining danish shorthand "|
(babel)             in language  on input line 610.
Package babel Info: Redefining danish shorthand "~
(babel)             in language  on input line 610.
[27 <./billeder/Trelagsmodel.jpg>]
<billeder/sdUC1.jpg, id=331, 498.36188pt x 246.9225pt>
File: billeder/sdUC1.jpg Graphic file (type jpg)

<use billeder/sdUC1.jpg>
Package pdftex.def Info: billeder/sdUC1.jpg used on input line 614.
(pdftex.def)             Requested size: 362.37569pt x 179.5511pt.

Underfull \hbox (badness 10000) in paragraph at lines 612--616

 []

<billeder/sdUC2.jpg, id=332, 728.7225pt x 1234.6125pt>
File: billeder/sdUC2.jpg Graphic file (type jpg)

<use billeder/sdUC2.jpg>
Package pdftex.def Info: billeder/sdUC2.jpg used on input line 619.
(pdftex.def)             Requested size: 362.37569pt x 613.93262pt.
Package babel Info: Redefining danish shorthand "|
(babel)             in language  on input line 621.
Package babel Info: Redefining danish shorthand "~
(babel)             in language  on input line 621.
 [28 <./billeder/sdUC1.jpg>]
<billeder/sdUC2_2.jpg, id=339, 837.1275pt x 1224.07312pt>
File: billeder/sdUC2_2.jpg Graphic file (type jpg)

<use billeder/sdUC2_2.jpg>
Package pdftex.def Info: billeder/sdUC2_2.jpg used on input line 623.
(pdftex.def)             Requested size: 452.9679pt x 662.33446pt.
Package babel Info: Redefining danish shorthand "|
(babel)             in language  on input line 625.
Package babel Info: Redefining danish shorthand "~
(babel)             in language  on input line 625.
 [29]
<billeder/sdUC2_3.jpg, id=344, 898.10532pt x 1234.6125pt>
File: billeder/sdUC2_3.jpg Graphic file (type jpg)

<use billeder/sdUC2_3.jpg>
Package pdftex.def Info: billeder/sdUC2_3.jpg used on input line 627.
(pdftex.def)             Requested size: 452.9679pt x 622.6926pt.
Package babel Info: Redefining danish shorthand "|
(babel)             in language  on input line 629.
Package babel Info: Redefining danish shorthand "~
(babel)             in language  on input line 629.
 [30 <./billeder/sdUC2.jpg>]
Overfull \vbox (40.89175pt too high) has occurred while \output is active []

Package babel Info: Redefining danish shorthand "|
(babel)             in language  on input line 629.
Package babel Info: Redefining danish shorthand "~
(babel)             in language  on input line 629.

[31 <./billeder/sdUC2_2.jpg>]
<billeder/sdUC2_4.jpg, id=353, 612.78937pt x 1234.6125pt>
File: billeder/sdUC2_4.jpg Graphic file (type jpg)

<use billeder/sdUC2_4.jpg>
Package pdftex.def Info: billeder/sdUC2_4.jpg used on input line 631.
(pdftex.def)             Requested size: 317.07614pt x 638.81848pt.

Overfull \vbox (1.2499pt too high) has occurred while \output is active []

Package babel Info: Redefining danish shorthand "|
(babel)             in language  on input line 633.
Package babel Info: Redefining danish shorthand "~
(babel)             in language  on input line 633.

[32 <./billeder/sdUC2_3.jpg>]
Overfull \vbox (17.37578pt too high) has occurred while \output is active []

Package babel Info: Redefining danish shorthand "|
(babel)             in language  on input line 634.
Package babel Info: Redefining danish shorthand "~
(babel)             in language  on input line 634.

[33 <./billeder/sdUC2_4.jpg>]
<billeder/sdUC3.jpg, id=362, 456.20438pt x 630.10406pt>
File: billeder/sdUC3.jpg Graphic file (type jpg)

<use billeder/sdUC3.jpg>
Package pdftex.def Info: billeder/sdUC3.jpg used on input line 636.
(pdftex.def)             Requested size: 362.37569pt x 500.51692pt.

Underfull \hbox (badness 10000) in paragraph at lines 634--638

 []


Underfull \hbox (badness 10000) in paragraph at lines 634--638

 []

Package babel Info: Redefining danish shorthand "|
(babel)             in language  on input line 639.
Package babel Info: Redefining danish shorthand "~
(babel)             in language  on input line 639.
[34] <billeder/sdUC4.jpg, id=366, 630.85687pt x 356.83313pt>
File: billeder/sdUC4.jpg Graphic file (type jpg)

<use billeder/sdUC4.jpg>
Package pdftex.def Info: billeder/sdUC4.jpg used on input line 641.
(pdftex.def)             Requested size: 452.9679pt x 256.21725pt.

Underfull \hbox (badness 10000) in paragraph at lines 639--643

 []


Underfull \hbox (badness 10000) in paragraph at lines 639--643

 []

Package babel Info: Redefining danish shorthand "|
(babel)             in language  on input line 644.
Package babel Info: Redefining danish shorthand "~
(babel)             in language  on input line 644.
[35 <./billeder/sdUC3.jpg>]
<billeder/klassediagram1.jpg, id=372, 1008.01593pt x 1450.6697pt>
File: billeder/klassediagram1.jpg Graphic file (type jpg)

<use billeder/klassediagram1.jpg>
Package pdftex.def Info: billeder/klassediagram1.jpg used on input line 649.
(pdftex.def)             Requested size: 452.9679pt x 651.88779pt.

Underfull \hbox (badness 10000) in paragraph at lines 646--651

 []

Package babel Info: Redefining danish shorthand "|
(babel)             in language  on input line 652.
Package babel Info: Redefining danish shorthand "~
(babel)             in language  on input line 652.
[36 <./billeder/sdUC4.jpg>]
Overfull \vbox (16.84508pt too high) has occurred while \output is active []

Package babel Info: Redefining danish shorthand "|
(babel)             in language  on input line 652.
Package babel Info: Redefining danish shorthand "~
(babel)             in language  on input line 652.

[37 <./billeder/klassediagram1.jpg>]
<billeder/klassediagramStart.jpg, id=382, 181.42781pt x 100.87688pt>
File: billeder/klassediagramStart.jpg Graphic file (type jpg)

<use billeder/klassediagramStart.jpg>
Package pdftex.def Info: billeder/klassediagramStart.jpg used on input line 656
.
(pdftex.def)             Requested size: 181.18439pt x 100.74423pt.

Underfull \hbox (badness 10000) in paragraph at lines 653--658

 []

Package babel Info: Redefining danish shorthand "|
(babel)             in language  on input line 718.
Package babel Info: Redefining danish shorthand "~
(babel)             in language  on input line 718.
[38 <./billeder/klassediagramStart.jpg>]
<billeder/klassediagramHoved.jpg, id=388, 335.75438pt x 293.59688pt>
File: billeder/klassediagramHoved.jpg Graphic file (type jpg)

<use billeder/klassediagramHoved.jpg>
Package pdftex.def Info: billeder/klassediagramHoved.jpg used on input line 741
.
(pdftex.def)             Requested size: 317.07614pt x 277.26234pt.
Package babel Info: Redefining danish shorthand "|
(babel)             in language  on input line 753.
Package babel Info: Redefining danish shorthand "~
(babel)             in language  on input line 753.
 [39]
Package babel Info: Redefining danish shorthand "|
(babel)             in language  on input line 783.
Package babel Info: Redefining danish shorthand "~
(babel)             in language  on input line 783.
 [40 <./billeder/klassediagramHoved.jpg>]
Package babel Info: Redefining danish shorthand "|
(babel)             in language  on input line 843.
Package babel Info: Redefining danish shorthand "~
(babel)             in language  on input line 843.
 [41]
Package babel Info: Redefining danish shorthand "|
(babel)             in language  on input line 903.
Package babel Info: Redefining danish shorthand "~
(babel)             in language  on input line 903.
 [42]
<billeder/klassediagrampatientDTO.jpg, id=403, 181.42781pt x 76.78688pt>
File: billeder/klassediagrampatientDTO.jpg Graphic file (type jpg)

<use billeder/klassediagrampatientDTO.jpg>
Package pdftex.def Info: billeder/klassediagrampatientDTO.jpg used on input lin
e 906.
(pdftex.def)             Requested size: 181.18439pt x 76.68591pt.

<billeder/klassediagramkalibreringDTO.jpg, id=404, 181.42781pt x 76.78688pt>
File: billeder/klassediagramkalibreringDTO.jpg Graphic file (type jpg)

<use billeder/klassediagramkalibreringDTO.jpg>
Package pdftex.def Info: billeder/klassediagramkalibreringDTO.jpg used on input
 line 921.
(pdftex.def)             Requested size: 181.18439pt x 76.68591pt.

<billeder/klassediagramIsubject.jpg, id=405, 181.42781pt x 100.12407pt>
File: billeder/klassediagramIsubject.jpg Graphic file (type jpg)

<use billeder/klassediagramIsubject.jpg>
Package pdftex.def Info: billeder/klassediagramIsubject.jpg used on input line 
936.
(pdftex.def)             Requested size: 181.18439pt x 99.99242pt.
Package babel Info: Redefining danish shorthand "|
(babel)             in language  on input line 948.
Package babel Info: Redefining danish shorthand "~
(babel)             in language  on input line 948.
 [43 <./billeder/klassediagrampatientDTO.jpg> <./billeder/klassediagramkalibrer
ingDTO.jpg>]
<billeder/klassediagramIobserver.jpg, id=411, 181.42781pt x 76.03406pt>
File: billeder/klassediagramIobserver.jpg Graphic file (type jpg)

<use billeder/klassediagramIobserver.jpg>
Package pdftex.def Info: billeder/klassediagramIobserver.jpg used on input line
 971.
(pdftex.def)             Requested size: 181.18439pt x 75.93408pt.

<billeder/klassediagramgransevardiDTO.jpg, id=412, 181.42781pt x 76.78688pt>
File: billeder/klassediagramgransevardiDTO.jpg Graphic file (type jpg)

<use billeder/klassediagramgransevardiDTO.jpg>
Package pdftex.def Info: billeder/klassediagramgransevardiDTO.jpg used on input
 line 986.
(pdftex.def)             Requested size: 181.18439pt x 76.68591pt.
Package babel Info: Redefining danish shorthand "|
(babel)             in language  on input line 998.
Package babel Info: Redefining danish shorthand "~
(babel)             in language  on input line 998.
 [44 <./billeder/klassediagramIsubject.jpg> <./billeder/klassediagramIobserver.
jpg>]
<billeder/klassediagramkalibrering.jpg, id=418, 183.68625pt x 76.78688pt>
File: billeder/klassediagramkalibrering.jpg Graphic file (type jpg)

<use billeder/klassediagramkalibrering.jpg>
Package pdftex.def Info: billeder/klassediagramkalibrering.jpg used on input li
ne 1001.
(pdftex.def)             Requested size: 181.18439pt x 75.74623pt.

<billeder/klassediagramnulpunkt.jpg, id=419, 181.42781pt x 64.74188pt>
File: billeder/klassediagramnulpunkt.jpg Graphic file (type jpg)

<use billeder/klassediagramnulpunkt.jpg>
Package pdftex.def Info: billeder/klassediagramnulpunkt.jpg used on input line 
1016.
(pdftex.def)             Requested size: 181.18439pt x 64.65675pt.
Package babel Info: Redefining danish shorthand "|
(babel)             in language  on input line 1029.
Package babel Info: Redefining danish shorthand "~
(babel)             in language  on input line 1029.
 [45 <./billeder/klassediagramgransevardiDTO.jpg> <./billeder/klassediagramkali
brering.jpg> <./billeder/klassediagramnulpunkt.jpg>]
<billeder/klassediagramblodtryk.jpg, id=426, 181.42781pt x 137.01187pt>
File: billeder/klassediagramblodtryk.jpg Graphic file (type jpg)

<use billeder/klassediagramblodtryk.jpg>
Package pdftex.def Info: billeder/klassediagramblodtryk.jpg used on input line 
1031.
(pdftex.def)             Requested size: 181.18439pt x 136.83174pt.

<billeder/klassediagramdigi.jpg, id=427, 185.94469pt x 124.96687pt>
File: billeder/klassediagramdigi.jpg Graphic file (type jpg)

<use billeder/klassediagramdigi.jpg>
Package pdftex.def Info: billeder/klassediagramdigi.jpg used on input line 1066
.
(pdftex.def)             Requested size: 181.18439pt x 121.7707pt.
Package babel Info: Redefining danish shorthand "|
(babel)             in language  on input line 1078.
Package babel Info: Redefining danish shorthand "~
(babel)             in language  on input line 1078.
 [46 <./billeder/klassediagramblodtryk.jpg>] <billeder/klassediagramLogik.jpg, 
id=432, 307.90031pt x 534.49687pt>
File: billeder/klassediagramLogik.jpg Graphic file (type jpg)

<use billeder/klassediagramLogik.jpg>
Package pdftex.def Info: billeder/klassediagramLogik.jpg used on input line 112
1.
(pdftex.def)             Requested size: 317.07614pt x 550.46452pt.
Package babel Info: Redefining danish shorthand "|
(babel)             in language  on input line 1133.
Package babel Info: Redefining danish shorthand "~
(babel)             in language  on input line 1133.
 [47 <./billeder/klassediagramdigi.jpg>]
Package babel Info: Redefining danish shorthand "|
(babel)             in language  on input line 1153.
Package babel Info: Redefining danish shorthand "~
(babel)             in language  on input line 1153.

[48 <./billeder/klassediagramLogik.jpg>]
Package babel Info: Redefining danish shorthand "|
(babel)             in language  on input line 1213.
Package babel Info: Redefining danish shorthand "~
(babel)             in language  on input line 1213.
 [49]
Package babel Info: Redefining danish shorthand "|
(babel)             in language  on input line 1283.
Package babel Info: Redefining danish shorthand "~
(babel)             in language  on input line 1283.
 [50]
Package babel Info: Redefining danish shorthand "|
(babel)             in language  on input line 1343.
Package babel Info: Redefining danish shorthand "~
(babel)             in language  on input line 1343.
 [51]
<billeder/klassediagramdata.jpg, id=451, 181.42781pt x 245.41687pt>
File: billeder/klassediagramdata.jpg Graphic file (type jpg)

<use billeder/klassediagramdata.jpg>
Package pdftex.def Info: billeder/klassediagramdata.jpg used on input line 1396
.
(pdftex.def)             Requested size: 181.18439pt x 245.09421pt.
Package babel Info: Redefining danish shorthand "|
(babel)             in language  on input line 1408.
Package babel Info: Redefining danish shorthand "~
(babel)             in language  on input line 1408.
 [52]
Package babel Info: Redefining danish shorthand "|
(babel)             in language  on input line 1448.
Package babel Info: Redefining danish shorthand "~
(babel)             in language  on input line 1448.
 [53 <./billeder/klassediagramdata.jpg>] <billeder/klassediagramdaq.jpg, id=460
, 280.79906pt x 233.37187pt>
File: billeder/klassediagramdaq.jpg Graphic file (type jpg)

<use billeder/klassediagramdaq.jpg>
Package pdftex.def Info: billeder/klassediagramdaq.jpg used on input line 1472.

(pdftex.def)             Requested size: 271.7835pt x 225.8897pt.
Package babel Info: Redefining danish shorthand "|
(babel)             in language  on input line 1484.
Package babel Info: Redefining danish shorthand "~
(babel)             in language  on input line 1484.
 [54]
Package babel Info: Redefining danish shorthand "|
(babel)             in language  on input line 1534.
Package babel Info: Redefining danish shorthand "~
(babel)             in language  on input line 1534.
 [55 <./billeder/klassediagramdaq.jpg>] <billeder/RammeDigi.jpg, id=469, 268.00
125pt x 186.6975pt>
File: billeder/RammeDigi.jpg Graphic file (type jpg)

<use billeder/RammeDigi.jpg>
Package pdftex.def Info: billeder/RammeDigi.jpg used on input line 1567.
(pdftex.def)             Requested size: 226.48395pt x 157.77345pt.
Package babel Info: Redefining danish shorthand "|
(babel)             in language  on input line 1569.
Package babel Info: Redefining danish shorthand "~
(babel)             in language  on input line 1569.
 [56]
Underfull \hbox (badness 10000) in paragraph at lines 1578--1589

 []


Underfull \hbox (badness 10000) in paragraph at lines 1578--1589

 []


Underfull \hbox (badness 10000) in paragraph at lines 1578--1589

 []


Underfull \hbox (badness 10000) in paragraph at lines 1578--1589

 []


Underfull \hbox (badness 10000) in paragraph at lines 1578--1589

 []


Underfull \hbox (badness 10000) in paragraph at lines 1578--1589

 []

Package babel Info: Redefining danish shorthand "|
(babel)             in language  on input line 1589.
Package babel Info: Redefining danish shorthand "~
(babel)             in language  on input line 1589.
[57 <./billeder/RammeDigi.jpg>]
Package babel Info: Redefining danish shorthand "|
(babel)             in language  on input line 1595.
Package babel Info: Redefining danish shorthand "~
(babel)             in language  on input line 1595.
 [58]
Underfull \hbox (badness 10000) in paragraph at lines 1598--1610

 []


Underfull \hbox (badness 10000) in paragraph at lines 1598--1610

 []


Underfull \hbox (badness 10000) in paragraph at lines 1598--1610

 []


Underfull \hbox (badness 10000) in paragraph at lines 1611--1613

 []

Package babel Info: Redefining danish shorthand "|
(babel)             in language  on input line 1613.
Package babel Info: Redefining danish shorthand "~
(babel)             in language  on input line 1613.
[59] <billeder/databaser.jpg, id=503, 1183.42125pt x 406.51875pt>
File: billeder/databaser.jpg Graphic file (type jpg)

<use billeder/databaser.jpg>
Package pdftex.def Info: billeder/databaser.jpg used on input line 1617.
(pdftex.def)             Requested size: 452.9679pt x 155.59526pt.

<billeder/database_kode.png, id=504, 487.06969pt x 124.96687pt>
File: billeder/database_kode.png Graphic file (type png)

<use billeder/database_kode.png>
Package pdftex.def Info: billeder/database_kode.png used on input line 1634.
(pdftex.def)             Requested size: 452.9679pt x 116.21799pt.

Underfull \hbox (badness 10000) in paragraph at lines 1620--1636

 []


Underfull \hbox (badness 10000) in paragraph at lines 1620--1636

 []


Underfull \hbox (badness 10000) in paragraph at lines 1620--1636

 []

Package babel Info: Redefining danish shorthand "|
(babel)             in language  on input line 1636.
Package babel Info: Redefining danish shorthand "~
(babel)             in language  on input line 1636.
[60 <./billeder/databaser.jpg>]
Underfull \hbox (badness 10000) in paragraph at lines 1638--1640

 []

<billeder/database_p_tabel.jpg, id=511, 140.02313pt x 54.9553pt>
File: billeder/database_p_tabel.jpg Graphic file (type jpg)

<use billeder/database_p_tabel.jpg>
Package pdftex.def Info: billeder/database_p_tabel.jpg used on input line 1648.

(pdftex.def)             Requested size: 135.89174pt x 53.3359pt.

Underfull \hbox (badness 10000) in paragraph at lines 1643--1650

 []

Package babel Info: Redefining danish shorthand "|
(babel)             in language  on input line 1650.
Package babel Info: Redefining danish shorthand "~
(babel)             in language  on input line 1650.
[61 <./billeder/database_kode.png>]
<billeder/database_e_tabel.jpg, id=518, 181.42781pt x 247.67531pt>
File: billeder/database_e_tabel.jpg Graphic file (type jpg)

<use billeder/database_e_tabel.jpg>
Package pdftex.def Info: billeder/database_e_tabel.jpg used on input line 1655.

(pdftex.def)             Requested size: 135.89174pt x 185.51414pt.

<billeder/database_data_gem.jpg, id=519, 418.56375pt x 249.93375pt>
File: billeder/database_data_gem.jpg Graphic file (type jpg)

<use billeder/database_data_gem.jpg>
Package pdftex.def Info: billeder/database_data_gem.jpg used on input line 1661
.
(pdftex.def)             Requested size: 271.7835pt x 162.2872pt.

<billeder/database_bt_gem.jpg, id=520, 255.95625pt x 249.18094pt>
File: billeder/database_bt_gem.jpg Graphic file (type jpg)

<use billeder/database_bt_gem.jpg>
Package pdftex.def Info: billeder/database_bt_gem.jpg used on input line 1665.
(pdftex.def)             Requested size: 181.18439pt x 176.38737pt.
Package babel Info: Redefining danish shorthand "|
(babel)             in language  on input line 1667.
Package babel Info: Redefining danish shorthand "~
(babel)             in language  on input line 1667.
 [62 <./billeder/database_p_tabel.jpg> <./billeder/database_e_tabel.jpg>]
Package babel Info: Redefining danish shorthand "|
(babel)             in language  on input line 1668.
Package babel Info: Redefining danish shorthand "~
(babel)             in language  on input line 1668.

<billeder/opstilling_vero.jpg, id=527, 722.7pt x 542.025pt>
File: billeder/opstilling_vero.jpg Graphic file (type jpg)

<use billeder/opstilling_vero.jpg>
Package pdftex.def Info: billeder/opstilling_vero.jpg used on input line 1673.
(pdftex.def)             Requested size: 452.9679pt x 339.72418pt.

Underfull \hbox (badness 10000) in paragraph at lines 1669--1675

 []

Package babel Info: Redefining danish shorthand "|
(babel)             in language  on input line 1676.
Package babel Info: Redefining danish shorthand "~
(babel)             in language  on input line 1676.
[63 <./billeder/database_data_gem.jpg> <./billeder/database_bt_gem.jpg>]
<billeder/integrationstest_opstilling.jpg, id=533, 542.025pt x 722.7pt>
File: billeder/integrationstest_opstilling.jpg Graphic file (type jpg)

<use billeder/integrationstest_opstilling.jpg>
Package pdftex.def Info: billeder/integrationstest_opstilling.jpg used on input
 line 1680.
(pdftex.def)             Requested size: 203.83417pt x 271.77272pt.

<billeder/blodtryk_graf.jpg, id=534, 204.765pt x 199.49532pt>
File: billeder/blodtryk_graf.jpg Graphic file (type jpg)

<use billeder/blodtryk_graf.jpg>
Package pdftex.def Info: billeder/blodtryk_graf.jpg used on input line 1687.
(pdftex.def)             Requested size: 203.83417pt x 198.59985pt.

Overfull \hbox (4.86665pt too wide) in paragraph at lines 1678--1691
[]$[]$   $[]$ 
 []

Package babel Info: Redefining danish shorthand "|
(babel)             in language  on input line 1693.
Package babel Info: Redefining danish shorthand "~
(babel)             in language  on input line 1693.
[64 <./billeder/opstilling_vero.jpg>]
Package babel Info: Redefining danish shorthand "|
(babel)             in language  on input line 1693.
Package babel Info: Redefining danish shorthand "~
(babel)             in language  on input line 1693.
 [65 <./billeder/integrationstest_opstilling.jpg> <./billeder/blodtryk_graf.jpg
>]
Package babel Info: Redefining danish shorthand "|
(babel)             in language  on input line 1693.
Package babel Info: Redefining danish shorthand "~
(babel)             in language  on input line 1693.
Package babel Info: Redefining danish shorthand "|
(babel)             in language  on input line 1694.
Package babel Info: Redefining danish shorthand "~
(babel)             in language  on input line 1694.

Underfull \hbox (badness 10000) in paragraph at lines 1695--1699

 []

Package babel Info: Redefining danish shorthand "|
(babel)             in language  on input line 1699.
Package babel Info: Redefining danish shorthand "~
(babel)             in language  on input line 1699.
<billeder/ATopstilling_conn.jpg, id=545, 1838.87pt x 1614.03pt>
File: billeder/ATopstilling_conn.jpg Graphic file (type jpg)

<use billeder/ATopstilling_conn.jpg>
Package pdftex.def Info: billeder/ATopstilling_conn.jpg used on input line 1705
.
(pdftex.def)             Requested size: 158.54152pt x 139.14867pt.

<billeder/ATopstilling_board.jpg, id=546, 3276.24pt x 1842.885pt>
File: billeder/ATopstilling_board.jpg Graphic file (type jpg)

<use billeder/ATopstilling_board.jpg>
Package pdftex.def Info: billeder/ATopstilling_board.jpg used on input line 171
2.
(pdftex.def)             Requested size: 249.13371pt x 140.12257pt.

Overfull \hbox (4.87355pt too wide) in paragraph at lines 1703--1716
[]$[]$   $[]$ 
 []

<billeder/waveforms.jpg, id=547, 1371.1225pt x 770.88pt>
File: billeder/waveforms.jpg Graphic file (type jpg)

<use billeder/waveforms.jpg>
Package pdftex.def Info: billeder/waveforms.jpg used on input line 1719.
(pdftex.def)             Requested size: 452.9679pt x 254.6735pt.

<billeder/ATopstilling.jpg, id=548, 1838.87pt x 2352.79pt>
File: billeder/ATopstilling.jpg Graphic file (type jpg)

<use billeder/ATopstilling.jpg>
Package pdftex.def Info: billeder/ATopstilling.jpg used on input line 1723.
(pdftex.def)             Requested size: 226.48395pt x 289.75404pt.
Package babel Info: Redefining danish shorthand "|
(babel)             in language  on input line 1725.
Package babel Info: Redefining danish shorthand "~
(babel)             in language  on input line 1725.
 [66

 <./billeder/ATopstilling_conn.jpg> <./billeder/ATopstilling_board.jpg>]
Overfull \hbox (7.7702pt too wide) in paragraph at lines 1728--1734
[][] 
 []

Package babel Info: Redefining danish shorthand "|
(babel)             in language  on input line 1735.
Package babel Info: Redefining danish shorthand "~
(babel)             in language  on input line 1735.
[67 <./billeder/waveforms.jpg> <./billeder/ATopstilling.jpg>]
Overfull \hbox (7.7702pt too wide) in paragraph at lines 1738--1743
[][] 
 []


Overfull \hbox (7.7702pt too wide) in paragraph at lines 1747--1758
[][] 
 []


Overfull \hbox (5.22522pt too wide) in paragraph at lines 1744--1758
\T1/lmr/m/n/10.95 der v-re en for-bin-del-se til $\OT1/lmr/m/n/10.95 "\OML/lmm
/m/it/10.95 webhotel\OT1/lmr/m/n/10.95 10\OML/lmm/m/it/10.95 :F\OT1/lmr/m/n/10.
95 15\OML/lmm/m/it/10.95 ST\OT1/lmr/m/n/10.95 2\OML/lmm/m/it/10.95 ITS\OT1/lmr/
m/n/10.95 2201404669\OML/lmm/m/it/10.95 :db[]owner\OT1/lmr/m/n/10.95 "$\T1/lmr/
m/n/10.95 (Personaledatabasen)
 []

Package babel Info: Redefining danish shorthand "|
(babel)             in language  on input line 1759.
Package babel Info: Redefining danish shorthand "~
(babel)             in language  on input line 1759.
[68]
Overfull \vbox (26.5574pt too high) has occurred while \output is active []

Package babel Info: Redefining danish shorthand "|
(babel)             in language  on input line 1759.
Package babel Info: Redefining danish shorthand "~
(babel)             in language  on input line 1759.

[69]
Overfull \hbox (7.7702pt too wide) in paragraph at lines 1762--1768
[][] 
 []


Overfull \hbox (0.99846pt too wide) in paragraph at lines 1775--1775
\T1/lmr/m/n/10.95 OFF"radiobutton|  
 []


Overfull \hbox (0.99846pt too wide) in paragraph at lines 1776--1776
\T1/lmr/m/n/10.95 OFF"radiobutton 
 []


Overfull \hbox (7.7702pt too wide) in paragraph at lines 1772--1778
[][] 
 []


Overfull \hbox (7.7702pt too wide) in paragraph at lines 1782--1788
[][] 
 []


Overfull \hbox (7.7702pt too wide) in paragraph at lines 1792--1798
[][] 
 []

Package babel Info: Redefining danish shorthand "|
(babel)             in language  on input line 1799.
Package babel Info: Redefining danish shorthand "~
(babel)             in language  on input line 1799.
[70]
Overfull \hbox (7.7702pt too wide) in paragraph at lines 1802--1807
[][] 
 []


Overfull \hbox (7.7702pt too wide) in paragraph at lines 1811--1816
[][] 
 []

Package babel Info: Redefining danish shorthand "|
(babel)             in language  on input line 1817.
Package babel Info: Redefining danish shorthand "~
(babel)             in language  on input line 1817.
[71]
Overfull \hbox (7.7702pt too wide) in paragraph at lines 1820--1827
[][] 
 []


Overfull \hbox (7.7702pt too wide) in paragraph at lines 1831--1836
[][] 
 []

Package babel Info: Redefining danish shorthand "|
(babel)             in language  on input line 1837.
Package babel Info: Redefining danish shorthand "~
(babel)             in language  on input line 1837.
[72]
Package babel Info: Redefining danish shorthand "|
(babel)             in language  on input line 1840.
Package babel Info: Redefining danish shorthand "~
(babel)             in language  on input line 1840.

Overfull \hbox (0.93971pt too wide) in paragraph at lines 1849--1849
\T1/lmr/m/n/10.95 ce/enhedsnavn"i 
 []


Overfull \hbox (1.60889pt too wide) in paragraph at lines 1852--1852
\T1/lmr/m/n/10.95 ter"radiobuttons 
 []


Overfull \hbox (8.78922pt too wide) in alignment at lines 1841--1873
 [] [] [] [] [] [] 
 []

Package babel Info: Redefining danish shorthand "|
(babel)             in language  on input line 1873.
Package babel Info: Redefining danish shorthand "~
(babel)             in language  on input line 1873.
[73]
Package babel Info: Redefining danish shorthand "|
(babel)             in language  on input line 1873.
Package babel Info: Redefining danish shorthand "~
(babel)             in language  on input line 1873.
 [74]
Package babel Info: Redefining danish shorthand "|
(babel)             in language  on input line 1873.
Package babel Info: Redefining danish shorthand "~
(babel)             in language  on input line 1873.
 [75]
Package babel Info: Redefining danish shorthand "|
(babel)             in language  on input line 1873.
Package babel Info: Redefining danish shorthand "~
(babel)             in language  on input line 1873.
 [76]
Package babel Info: Redefining danish shorthand "|
(babel)             in language  on input line 1874.
Package babel Info: Redefining danish shorthand "~
(babel)             in language  on input line 1874.
)
Underfull \hbox (badness 10000) in paragraph at lines 1883--58

 []


Underfull \hbox (badness 10000) in paragraph at lines 1883--58

 []

Package babel Info: Redefining danish shorthand "|
(babel)             in language  on input line 58.
Package babel Info: Redefining danish shorthand "~
(babel)             in language  on input line 58.
[77] (bibliotek.tex
Package babel Info: Redefining danish shorthand "|
(babel)             in language  on input line 1.
Package babel Info: Redefining danish shorthand "~
(babel)             in language  on input line 1.

bibitemlist
Package babel Info: Redefining danish shorthand "|
(babel)             in language  on input line 2.
Package babel Info: Redefining danish shorthand "~
(babel)             in language  on input line 2.
LaTeX Font Info:    Try loading font information for T1+lmtt on input line 6.
("C:\Program Files (x86)\MiKTeX 2.9\tex\latex\lm\t1lmtt.fd"
File: t1lmtt.fd 2009/10/30 v1.6 Font defs for Latin Modern
)
Underfull \hbox (badness 3049) in paragraph at lines 12--13
[]\T1/lmr/m/n/10.95 Sallen-Key Low-pass Fil-ter De-sign Tool, brugt 9. de-cem-b
er 2015, []$\T1/lmtt/m/n/10.95 http : / / sim .$
 []

)
Package babel Info: Redefining danish shorthand "|
(babel)             in language  on input line 60.
Package babel Info: Redefining danish shorthand "~
(babel)             in language  on input line 60.
 [78



]
\tf@toc=\write5
Package atveryend Info: Empty hook `BeforeClearDocument' on input line 62.
Package atveryend Info: Empty hook `AfterLastShipout' on input line 62.
 (skabelon.aux (forside.aux) (testing.aux) (bibliotek.aux))
Package atveryend Info: Executing hook `AtVeryEndDocument' on input line 62.
Package atveryend Info: Executing hook `AtEndAfterFileList' on input line 62.
Package rerunfilecheck Info: File `skabelon.out' has not changed.
(rerunfilecheck)             Checksum: CCBD6B524B97D204ED1BD20082BD9529;1223.


LaTeX Warning: There were multiply-defined labels.

Package atveryend Info: Empty hook `AtVeryVeryEnd' on input line 62.
 ) 
Here is how much of TeX's memory you used:
 12828 strings out of 493698
 186568 string characters out of 3141969
 380325 words of memory out of 3000000
 15677 multiletter control sequences out of 15000+200000
 57868 words of font info for 47 fonts, out of 3000000 for 9000
 1025 hyphenation exceptions out of 8191
 46i,12n,37p,1397b,523s stack positions out of 5000i,500n,10000p,200000b,50000s
{C:/Program Files (x86)/MiKTeX 2.9/fonts/enc/dvips/lm/lm-ec.enc}{C:/Program F
iles (x86)/MiKTeX 2.9/fonts/enc/dvips/lm/lm-mathex.enc}{C:/Program Files (x86)/
MiKTeX 2.9/fonts/enc/dvips/lm/lm-rm.enc}{C:/Program Files (x86)/MiKTeX 2.9/font
s/enc/dvips/lm/lm-mathit.enc}{C:/Program Files (x86)/MiKTeX 2.9/fonts/enc/dvips
/lm/lm-mathsy.enc}<C:/Program Files (x86)/MiKTeX 2.9/fonts/type1/public/lm/lmbx
10.pfb><C:/Program Files (x86)/MiKTeX 2.9/fonts/type1/public/lm/lmbx12.pfb><C:/
Program Files (x86)/MiKTeX 2.9/fonts/type1/public/lm/lmex10.pfb><C:/Program Fil
es (x86)/MiKTeX 2.9/fonts/type1/public/lm/lmmi10.pfb><C:/Program Files (x86)/Mi
KTeX 2.9/fonts/type1/public/lm/lmmi8.pfb><C:/Program Files (x86)/MiKTeX 2.9/fon
ts/type1/public/lm/lmr10.pfb><C:/Program Files (x86)/MiKTeX 2.9/fonts/type1/pub
lic/lm/lmr12.pfb><C:/Program Files (x86)/MiKTeX 2.9/fonts/type1/public/lm/lmr17
.pfb><C:/Program Files (x86)/MiKTeX 2.9/fonts/type1/public/lm/lmr8.pfb><C:/Prog
ram Files (x86)/MiKTeX 2.9/fonts/type1/public/lm/lmri10.pfb><C:/Program Files (
x86)/MiKTeX 2.9/fonts/type1/public/lm/lmro10.pfb><C:/Program Files (x86)/MiKTeX
 2.9/fonts/type1/public/lm/lmsy10.pfb><C:/Program Files (x86)/MiKTeX 2.9/fonts/
type1/public/lm/lmsy8.pfb><C:/Program Files (x86)/MiKTeX 2.9/fonts/type1/public
/lm/lmtt10.pfb>
Output written on skabelon.pdf (80 pages, 7760850 bytes).
PDF statistics:
 722 PDF objects out of 1000 (max. 8388607)
 200 named destinations out of 1000 (max. 500000)
 441 words of extra memory for PDF output out of 10000 (max. 10000000)

