\BOOKMARK [0][-]{section*.1}{Indhold}{}% 1
\BOOKMARK [0][-]{chapter.1}{Indledning}{}% 2
\BOOKMARK [0][-]{chapter.2}{Kravspecifikation}{}% 3
\BOOKMARK [1][-]{section.2.1}{Godkendelsesformular}{chapter.2}% 4
\BOOKMARK [1][-]{section.2.2}{Indledning}{chapter.2}% 5
\BOOKMARK [1][-]{section.2.3}{Systembeskrivelse}{chapter.2}% 6
\BOOKMARK [1][-]{section.2.4}{Akt\370r-kontekst diagram}{chapter.2}% 7
\BOOKMARK [1][-]{section.2.5}{Use cases}{chapter.2}% 8
\BOOKMARK [1][-]{section.2.6}{Ikke-funktionelle krav}{chapter.2}% 9
\BOOKMARK [0][-]{chapter.3}{Arkitektur og design}{}% 10
\BOOKMARK [1][-]{section.3.1}{Hardware design}{chapter.3}% 11
\BOOKMARK [1][-]{section.3.2}{Software design}{chapter.3}% 12
\BOOKMARK [1][-]{section.3.3}{Integrationstest}{chapter.3}% 13
\BOOKMARK [0][-]{chapter.4}{Accepttest}{}% 14
\BOOKMARK [1][-]{section.4.1}{Indledning}{chapter.4}% 15
\BOOKMARK [1][-]{section.4.2}{Accepttest for funktionelle krav}{chapter.4}% 16
\BOOKMARK [1][-]{section.4.3}{Accepttest for ikke-funktionelle krav}{chapter.4}% 17
\BOOKMARK [1][-]{section.4.4}{Godkendelses formular}{chapter.4}% 18
\BOOKMARK [0][-]{section*.35}{Litteratur}{}% 19
\BOOKMARK [1][-]{section.4.5}{Referencer}{section*.35}% 20
